"../../../../../../Documents/GitHub/ACE/Content/Audio/Music/bensound-funkysuspense.uasset" 0
"../../../../../../Documents/GitHub/ACE/Content/Audio/Music/Level1_Cue.uasset" 1
"../../../../../../Documents/GitHub/ACE/Content/Audio/Music/My_Song_17__1_.uasset" 2
"../../../../../../Documents/GitHub/ACE/Content/Characters/Boaris/BoarisRig.uasset" 3
"../../../../../../Documents/GitHub/ACE/Content/Characters/Boaris/Animations/BoarisIdleAnim_Anim.uasset" 4
"../../../../../../Documents/GitHub/ACE/Content/Characters/Boaris/Animations/BoarisRunAnim_Anim.uasset" 5
"../../../../../../Documents/GitHub/ACE/Content/Characters/Boaris/Animations/BoarisWalkAnim_Anim.uasset" 6
"../../../../../../Documents/GitHub/ACE/Content/Characters/Boaris/Animations/Boaris_IdleWalk.uasset" 7
"../../../Engine/Content/EditorBlueprintResources/StandardMacros.uasset" 8
"../../../../../../Documents/GitHub/ACE/Content/Blueprints/Boaris_AnimBP.uasset" 9
"../../../../../../Documents/GitHub/ACE/Content/Blueprints/AI/ChaseStatus.uasset" 10
"../../../../../../Documents/GitHub/ACE/Content/Blueprints/AI/Boaris_BB.uasset" 11
"../../../../../../Documents/GitHub/ACE/Content/Blueprints/AI/ChangeBoarisSpeed.uasset" 12
"../../../../../../Documents/GitHub/ACE/Content/Blueprints/AI/ChangeStatus.uasset" 13
"../../../../../../Documents/GitHub/ACE/Content/Blueprints/AI/ChasePlayer.uasset" 14
"../../../../../../Documents/GitHub/ACE/Content/Blueprints/AI/FindPlayerLocation.uasset" 15
"../../../../../../Documents/GitHub/ACE/Content/Blueprints/AI/FindRandomLocation.uasset" 16
"../../../../../../Documents/GitHub/ACE/Content/Blueprints/AI/PatrolPaths/DecrementPathIndex.uasset" 17
"../../../../../../Documents/GitHub/ACE/Content/Blueprints/AI/PatrolPaths/PatrolPath.uasset" 18
"../../../../../../Documents/GitHub/ACE/Content/Blueprints/AI/PatrolPaths/FindPathPoint.uasset" 19
"../../../../../../Documents/GitHub/ACE/Content/Blueprints/AI/PatrolPaths/IncrementPathIndex.uasset" 20
"../../../../../../Documents/GitHub/ACE/Content/Blueprints/AI/PatrolPaths/LoopPath.uasset" 21
"../../../../../../Documents/GitHub/ACE/Content/Blueprints/AI/Boaris_BT.uasset" 22
"../../../../../../Documents/GitHub/ACE/Content/Characters/Pounce/PounceRig.uasset" 23
"../../../../../../Documents/GitHub/ACE/Content/Characters/Pounce/Animations/PounceJumpEndAnim_Anim.uasset" 24
"../../../../../../Documents/GitHub/ACE/Content/Characters/Pounce/Animations/PounceJumpLoopAnim_Anim.uasset" 25
"../../../../../../Documents/GitHub/ACE/Content/Characters/Pounce/PounceRunAnim_Skeleton.uasset" 26
"../../../../../../Documents/GitHub/ACE/Content/Characters/Pounce/Animations/PounceJumpStartAnim_Anim.uasset" 27
"../../../../../../Documents/GitHub/ACE/Content/Characters/Pounce/Animations/PounceRoll1Anim_Anim.uasset" 28
"../../../../../../Documents/GitHub/ACE/Content/Characters/Pounce/Animations/PounceTailWhipAnim_Anim.uasset" 29
"../../../../../../Documents/GitHub/ACE/Content/Characters/Pounce/Animations/PounceCrouchIdleAnim_Anim.uasset" 30
"../../../../../../Documents/GitHub/ACE/Content/Characters/Pounce/Animations/PounceCrouchWalkAnim_Anim.uasset" 31
"../../../../../../Documents/GitHub/ACE/Content/Characters/Pounce/Animations/Pounce_Crouch.uasset" 32
"../../../../../../Documents/GitHub/ACE/Content/Characters/Pounce/Animations/PounceIdleAnim_Anim.uasset" 33
"../../../../../../Documents/GitHub/ACE/Content/Characters/Pounce/Animations/PounceRunAnim_Anim.uasset" 34
"../../../../../../Documents/GitHub/ACE/Content/Characters/Pounce/Animations/Pounce_IdleRun.uasset" 35
"../../../../../../Documents/GitHub/ACE/Content/Blueprints/Pounce_AnimBP.uasset" 36
"../../../Engine/Content/Functions/Engine_MaterialFunctions02/SafeNormalize.uasset" 37
"../../../Engine/Content/Functions/Engine_MaterialFunctions02/Math/CreateThirdOrthogonalVector.uasset" 38
"../../../Engine/Content/Functions/Engine_MaterialFunctions02/Utility/VectorLength.uasset" 39
"../../../Engine/Content/Functions/Engine_MaterialFunctions01/Coordinates/DrawLine-3D.uasset" 40
"../../../Engine/Content/Functions/Engine_MaterialFunctions01/Gradient/LinearGradient.uasset" 41
"../../../Engine/Content/Functions/Engine_MaterialFunctions01/ImageAdjustment/CheapContrast.uasset" 42
"../../../Engine/Content/Functions/Engine_MaterialFunctions01/ImageAdjustment/Contrast_Preserve_Color.uasset" 43
"../../../Engine/Content/Functions/Engine_MaterialFunctions01/Opacity/AlphaOffset.uasset" 44
"../../../Engine/Content/Functions/Engine_MaterialFunctions01/Reflections/DistanceLimitedReflections.uasset" 45
"../../../Engine/Content/Functions/Engine_MaterialFunctions02/HueShift.uasset" 46
"../../../Engine/Content/Functions/Engine_MaterialFunctions02/Utility/BreakOutFloat3Components.uasset" 47
"../../../Engine/Content/Functions/Engine_MaterialFunctions02/Math/Transform3x3Matrix.uasset" 48
"../../../Engine/Content/Functions/Engine_MaterialFunctions02/Texturing/CustomRotator.uasset" 49
"../../../Engine/Content/Functions/Engine_MaterialFunctions02/Utility/CameraDirectionVector.uasset" 50
"../../../Engine/Content/Functions/Engine_MaterialFunctions02/Utility/DepthFromWorldPosition.uasset" 51
"../../../../../../Documents/GitHub/ACE/Content/PSXFX/Materials/MPC_PSXFX.uasset" 52
"../../../../../../Documents/GitHub/ACE/Content/PSXFX/Materials/MaterialFunctions/MF_AffineUVs.uasset" 53
"../../../../../../Documents/GitHub/ACE/Content/PSXFX/Materials/MaterialFunctions/MF_DepthError.uasset" 54
"../../../../../../Documents/GitHub/ACE/Content/PSXFX/Materials/MaterialFunctions/MF_Fog.uasset" 55
"../../../../../../Documents/GitHub/ACE/Content/PSXFX/Materials/MaterialFunctions/MF_GlobalLight.uasset" 56
"../../../../../../Documents/GitHub/ACE/Content/PSXFX/Materials/MaterialFunctions/MF_HeightLerpRGBA.uasset" 57
"../../../../../../Documents/GitHub/ACE/Content/PSXFX/Materials/MaterialFunctions/MF_ImageAdjustments.uasset" 58
"../../../../../../Documents/GitHub/ACE/Content/PSXFX/Materials/MaterialFunctions/MF_UnpackVertexLightData.uasset" 59
"../../../../../../Documents/GitHub/ACE/Content/PSXFX/Materials/MaterialFunctions/MF_VertexLightMask.uasset" 60
"../../../../../../Documents/GitHub/ACE/Content/PSXFX/Materials/MaterialFunctions/MF_Lighting.uasset" 61
"../../../../../../Documents/GitHub/ACE/Content/PSXFX/DemoContent/Textures/T_Noise_00.uasset" 62
"../../../../../../Documents/GitHub/ACE/Content/PSXFX/Textures/T_Blue.uasset" 63
"../../../../../../Documents/GitHub/ACE/Content/PSXFX/Textures/T_Green.uasset" 64
"../../../../../../Documents/GitHub/ACE/Content/PSXFX/Textures/T_Red.uasset" 65
"../../../../../../Documents/GitHub/ACE/Content/PSXFX/Materials/MaterialFunctions/MF_MeshPaintRGB.uasset" 66
"../../../../../../Documents/GitHub/ACE/Content/PSXFX/Materials/MaterialFunctions/MF_PolygonMasking.uasset" 67
"../../../../../../Documents/GitHub/ACE/Content/PSXFX/Materials/MaterialFunctions/MF_VertexSnap.uasset" 68
"../../../../../../Documents/GitHub/ACE/Content/PSXFX/Materials/MaterialFunctions/MF_WorldUVs.uasset" 69
"../../../Engine/Content/EngineMaterials/DefaultDiffuse.uasset" 70
"../../../../../../Documents/GitHub/ACE/Content/PSXFX/Textures/T_ReflectionCubemap.uasset" 71
"../../../../../../Documents/GitHub/ACE/Content/PSXFX/Textures/T_White.uasset" 72
"../../../../../../Documents/GitHub/ACE/Content/PSXFX/Materials/M_Mesh_Master.uasset" 73
"../../../../../../Documents/GitHub/ACE/Content/Characters/Pounce/Materials_Textures/Cat_256x256.uasset" 74
"../../../../../../Documents/GitHub/ACE/Content/Characters/Pounce/Materials_Textures/MI_PounceLowRes.uasset" 75
"../../../../../../Documents/GitHub/ACE/Content/Characters/Pounce/Random/PounceRunAnim_PhysicsAsset.uasset" 76
"../../../../../../Documents/GitHub/ACE/Content/Characters/Pounce/Random/PounceRunAnim.uasset" 77
"../../../../../../Documents/GitHub/ACE/Content/Blueprints/BP_Pounce.uasset" 78
"../../../../../../Documents/GitHub/ACE/Content/Blueprints/AI/Boaris_Controller.uasset" 79
"../../../Engine/Content/Functions/Engine_MaterialFunctions03/Procedurals/GeneratedOffsetBands.uasset" 80
"../../../Engine/Content/EngineMaterials/HairDebugColor.uasset" 81
"../../../../../../Documents/GitHub/ACE/Content/PSXFX/Materials/M_LightShaft.uasset" 82
"../../../../../../Documents/GitHub/ACE/Content/PSXFX/Blueprints/BP_LightShaft.uasset" 83
"../../../../../../Documents/GitHub/ACE/Content/Blueprints/UI/Caught.uasset" 84
"../../../../../../Documents/GitHub/ACE/Content/Characters/Boaris/BoarisA/Boaris_256x256.uasset" 85
"../../../../../../Documents/GitHub/ACE/Content/Characters/Boaris/BoarisA/MI_BoarisA.uasset" 86
"../../../../../../Documents/GitHub/ACE/Content/Characters/Boaris/Random/BoarisIdleAnim_PhysicsAsset.uasset" 87
"../../../../../../Documents/GitHub/ACE/Content/Characters/Boaris/Random/BoarisIdleAnim.uasset" 88
"../../../../../../Documents/GitHub/ACE/Content/Props/Flashlight/lambert1.uasset" 89
"../../../../../../Documents/GitHub/ACE/Content/Props/Flashlight/phong1.uasset" 90
"../../../../../../Documents/GitHub/ACE/Content/Props/Flashlight/surfaceShader12.uasset" 91
"../../../../../../Documents/GitHub/ACE/Content/Props/Flashlight/beetleFlashlight.uasset" 92
"../../../../../../Documents/GitHub/ACE/Content/Blueprints/AI/BP_SimpleAI.uasset" 93
"../../../../../../Documents/GitHub/ACE/Content/Blueprints/BP_SimpleAI.uasset" 94
"../../../Engine/Content/Functions/Engine_MaterialFunctions01/Texturing/ComputeMipLevel.uasset" 95
"../../../Engine/Content/Functions/Engine_MaterialFunctions01/Texturing/TextureCropping.uasset" 96
"../../../Engine/Content/Functions/Engine_MaterialFunctions02/ExampleContent/DebugNumberStrip.uasset" 97
"../../../Engine/Content/Functions/Engine_MaterialFunctions02/ExampleContent/Textures/DebugNumberPeriod.uasset" 98
"../../../Engine/Content/Functions/Engine_MaterialFunctions02/Utility/DebugScalarValues.uasset" 99
"../../../Engine/Content/Functions/Engine_MaterialFunctions02/Utility/DebugFloat3Values.uasset" 100
"../../../Engine/Content/Functions/Engine_MaterialFunctions02/Utility/MakeFloat3.uasset" 101
"../../../Engine/Content/Functions/Engine_MaterialFunctions02/Math/RGBtoHSV.uasset" 102
"../../../Engine/Content/Functions/Engine_MaterialFunctions02/ScreenResolution.uasset" 103
"../../../../../../Documents/GitHub/ACE/Content/PSXFX/Textures/T_BayerMatrix.uasset" 104
"../../../../../../Documents/GitHub/ACE/Content/PSXFX/Materials/M_PostProcess.uasset" 105
"../../../Engine/Content/Functions/Engine_MaterialFunctions01/ImageAdjustment/Luminosity_And_Color.uasset" 106
"../../../Engine/Content/Functions/Engine_MaterialFunctions03/Math/RemapValueRange.uasset" 107
"../../../../../../Documents/GitHub/ACE/Content/PSXFX/Textures/T_DitherPattern.uasset" 108
"../../../../../../Documents/GitHub/ACE/Content/PSXFX/Materials/MaterialFunctions/MF_Dithering.uasset" 109
"../../../../../../Documents/GitHub/ACE/Content/PSXFX/Materials/M_PostProcess_2.uasset" 110
"../../../Engine/Content/EditorResources/LightIcons/S_LightDirectional.uasset" 111
"../../../../../../Documents/GitHub/ACE/Content/PSXFX/Blueprints/BP_Ambience.uasset" 112
"../../../../../../Documents/GitHub/ACE/Content/PSXFX/Blueprints/FL_PSXFX.uasset" 113
"../../../../../../Documents/GitHub/ACE/Content/PSXFX/Blueprints/E_StaticLightIndex.uasset" 114
"../../../../../../Documents/GitHub/ACE/Content/PSXFX/Blueprints/FStaticLight.uasset" 115
"../../../../../../Documents/GitHub/ACE/Content/PSXFX/Blueprints/Curve_DistanceToSize.uasset" 116
"../../../Engine/Content/Functions/Engine_MaterialFunctions02/Utility/BreakOutFloat2Components.uasset" 117
"../../../Engine/Content/Functions/Engine_MaterialFunctions02/Utility/DebugFloat2Values.uasset" 118
"../../../Engine/Content/Functions/Engine_MaterialFunctions02/ExampleContent/Textures/flipbook.uasset" 119
"../../../Engine/Content/Functions/Engine_MaterialFunctions02/Texturing/FlipBook.uasset" 120
"../../../../../../Documents/GitHub/ACE/Content/PSXFX/Textures/T_BulbAtlas.uasset" 121
"../../../../../../Documents/GitHub/ACE/Content/PSXFX/Materials/M_LightBillboard.uasset" 122
"../../../Engine/Content/Functions/Engine_MaterialFunctions02/TransformToClipSpace.uasset" 123
"../../../Engine/Content/Functions/Engine_MaterialFunctions02/WorldPositionOffset/ComponentPivotLocation.uasset" 124
"../../../Engine/Content/Functions/Engine_MaterialFunctions02/WorldPositionOffset/Sprite.uasset" 125
"../../../../../../Documents/GitHub/ACE/Content/PSXFX/Textures/T_LensFlare.uasset" 126
"../../../../../../Documents/GitHub/ACE/Content/PSXFX/Materials/M_LensFlare_Master.uasset" 127
"../../../../../../Documents/GitHub/ACE/Content/PSXFX/DemoContent/Materials/Instances/MI_LensFlare.uasset" 128
"../../../../../../Documents/GitHub/ACE/Content/PSXFX/DemoContent/Audio/A_Bulb.uasset" 129
"../../../../../../Documents/GitHub/ACE/Content/PSXFX/DemoContent/Audio/A_Bulb_Cue.uasset" 130
"../../../../../../Documents/GitHub/ACE/Content/PSXFX/DemoContent/Materials/M_Triangle.uasset" 131
"../../../../../../Documents/GitHub/ACE/Content/PSXFX/DemoContent/Particles/PS_GlassShards.uasset" 132
"../../../../../../Documents/GitHub/ACE/Content/PSXFX/Meshes/SM_LensFlare.uasset" 133
"../../../../../../Documents/GitHub/ACE/Content/PSXFX/Blueprints/BP_StaticVertexLight.uasset" 134
"../../../../../../Documents/GitHub/ACE/Content/PSXFX/Blueprints/E_DynamicLights.uasset" 135
"../../../../../../Documents/GitHub/ACE/Content/PSXFX/Blueprints/BP_LightManager.uasset" 136
"../../../../../../Documents/GitHub/ACE/Content/PSXFX/Blueprints/BP_DynamicVertexLight.uasset" 137
"../../../../../../Documents/GitHub/ACE/Content/PSXFX/DemoContent/Blueprints/WBP_Quit.uasset" 138
"../../../../../../Documents/GitHub/ACE/Content/PSXFX/DemoContent/Blueprints/BP_DemoCharacter.uasset" 139
"../../../../../../Documents/GitHub/ACE/Content/PSXFX/DemoContent/Blueprints/WBP_Option.uasset" 140
"../../../../../../Documents/GitHub/ACE/Content/PSXFX/DemoContent/Blueprints/WBP_Graphics.uasset" 141
"../../../../../../Documents/GitHub/ACE/Content/Blueprints/UI/WB_EditorUtility.uasset" 142
"../../../../../../Documents/GitHub/ACE/Content/Blueprints/UI/UI_Assets/AboutButton.uasset" 143
"../../../../../../Documents/GitHub/ACE/Content/Characters/Boaris/Animations/BoarisLostAnim_Anim.uasset" 144
"../../../../../../Documents/GitHub/ACE/Content/Characters/Boaris/Animations/BoarisSpottedAnim_Anim.uasset" 145
"../../../../../../Documents/GitHub/ACE/Content/Characters/Boaris/Animations/BoarisStunAnim_Anim.uasset" 146
"../../../../../../Documents/GitHub/ACE/Content/Characters/Boaris/Animations/Boaris_IdleRun.uasset" 147
"../../../../../../Documents/GitHub/ACE/Content/Characters/Boaris/Animations/Boaris_IdleWalkRun.uasset" 148
"../../../../../../Documents/GitHub/ACE/Content/Characters/Boaris/BoarisA/Boaris_texture_highRes.uasset" 149
"../../../../../../Documents/GitHub/ACE/Content/Characters/Boaris/BoarisA/PigUVMap.uasset" 150
"../../../../../../Documents/GitHub/ACE/Content/Characters/Boaris/BoarisB/BoarisB_256x256.uasset" 151
"../../../../../../Documents/GitHub/ACE/Content/Characters/Boaris/BoarisB/BoarisB_256x256_Mat.uasset" 152
"../../../../../../Documents/GitHub/ACE/Content/Characters/Boaris/BoarisC/BoarisC_256x256.uasset" 153
"../../../../../../Documents/GitHub/ACE/Content/Characters/Boaris/BoarisC/BoarisC_256x256_Mat.uasset" 154
"../../../../../../Documents/GitHub/ACE/Content/Characters/Boaris/BoarisA/Boaris_256x256_Mat.uasset" 155
"../../../../../../Documents/GitHub/ACE/Content/Characters/Boaris/MixamoRig/Boaris_Rig_PhysicsAsset.uasset" 156
"../../../../../../Documents/GitHub/ACE/Content/Characters/Boaris/MixamoRig/Boaris_Rig_Skeleton.uasset" 157
"../../../../../../Documents/GitHub/ACE/Content/Characters/Boaris/MixamoRig/Boaris_Rig.uasset" 158
"../../../../../../Documents/GitHub/ACE/Content/Characters/Boaris/MixamoRig/Boaris_Rig_Anim.uasset" 159
"../../../../../../Documents/GitHub/ACE/Content/Characters/Boaris/Random/BoarisLostAnim_PhysicsAsset.uasset" 160
"../../../../../../Documents/GitHub/ACE/Content/Characters/Boaris/Random/BoarisLostAnim.uasset" 161
"../../../../../../Documents/GitHub/ACE/Content/Characters/Boaris/Random/BoarisRunAnim_PhysicsAsset.uasset" 162
"../../../../../../Documents/GitHub/ACE/Content/Characters/Boaris/Random/BoarisRunAnim.uasset" 163
"../../../../../../Documents/GitHub/ACE/Content/Characters/Boaris/Random/BoarisSpottedAnim_PhysicsAsset.uasset" 164
"../../../../../../Documents/GitHub/ACE/Content/Characters/Boaris/Random/BoarisSpottedAnim.uasset" 165
"../../../../../../Documents/GitHub/ACE/Content/Characters/Boaris/Random/BoarisStunAnim_PhysicsAsset.uasset" 166
"../../../../../../Documents/GitHub/ACE/Content/Characters/Boaris/Random/BoarisStunAnim.uasset" 167
"../../../../../../Documents/GitHub/ACE/Content/Characters/Boaris/Random/BoarisWalkAnim_PhysicsAsset.uasset" 168
"../../../../../../Documents/GitHub/ACE/Content/Characters/Boaris/Random/BoarisWalkAnim.uasset" 169
"../../../../../../Documents/GitHub/ACE/Content/Characters/Nyx/NyxRig.uasset" 170
"../../../../../../Documents/GitHub/ACE/Content/Characters/Nyx/Animations/NyxButtonAnim_Anim.uasset" 171
"../../../../../../Documents/GitHub/ACE/Content/Characters/Nyx/Animations/NyxIdleAnim_Anim.uasset" 172
"../../../../../../Documents/GitHub/ACE/Content/Characters/Nyx/Materials_textures/NyxTexture.uasset" 173
"../../../../../../Documents/GitHub/ACE/Content/Characters/Nyx/Random/NyxButtonAnim_PhysicsAsset.uasset" 174
"../../../../../../Documents/GitHub/ACE/Content/Characters/Nyx/Random/NyxButtonAnim.uasset" 175
"../../../../../../Documents/GitHub/ACE/Content/Characters/Nyx/Materials_textures/NyxTextureLowRes.uasset" 176
"../../../../../../Documents/GitHub/ACE/Content/Characters/Nyx/Materials_textures/MI_Nyx.uasset" 177
"../../../../../../Documents/GitHub/ACE/Content/Characters/Nyx/Random/NyxIdleAnim_PhysicsAsset.uasset" 178
"../../../../../../Documents/GitHub/ACE/Content/Characters/Nyx/Random/NyxIdleAnim.uasset" 179
"../../../../../../Documents/GitHub/ACE/Content/Characters/Nyx/Random/NyxRunAnim_PhysicsAsset.uasset" 180
"../../../../../../Documents/GitHub/ACE/Content/Characters/Nyx/Random/NyxRunAnim.uasset" 181
"../../../../../../Documents/GitHub/ACE/Content/Characters/Pounce/Random/Material__2.uasset" 182
"../../../../../../Documents/GitHub/ACE/Content/Characters/Pounce/Material__2.uasset" 183
"../../../../../../Documents/GitHub/ACE/Content/Characters/Pounce/Random/NEWPounceAnim_PhysicsAsset.uasset" 184
"../../../../../../Documents/GitHub/ACE/Content/Characters/Pounce/Random/NEWPounceAnim.uasset" 185
"../../../../../../Documents/GitHub/ACE/Content/Characters/Pounce/NEWPounceAnim.uasset" 186
"../../../../../../Documents/GitHub/ACE/Content/Characters/Pounce/NEWPounceAnim_PhysicsAsset.uasset" 187
"../../../../../../Documents/GitHub/ACE/Content/Characters/Pounce/Pounce.uasset" 188
"../../../../../../Documents/GitHub/ACE/Content/Characters/Pounce/Random/PounceCrouchIdleAnim_PhysicsAsset.uasset" 189
"../../../../../../Documents/GitHub/ACE/Content/Characters/Pounce/Random/PounceCrouchIdleAnim.uasset" 190
"../../../../../../Documents/GitHub/ACE/Content/Characters/Pounce/PounceCrouchIdleAnim.uasset" 191
"../../../../../../Documents/GitHub/ACE/Content/Characters/Pounce/PounceCrouchIdleAnim_PhysicsAsset.uasset" 192
"../../../../../../Documents/GitHub/ACE/Content/Characters/Pounce/Random/PounceCrouchWalkAnim_PhysicsAsset.uasset" 193
"../../../../../../Documents/GitHub/ACE/Content/Characters/Pounce/Random/PounceCrouchWalkAnim.uasset" 194
"../../../../../../Documents/GitHub/ACE/Content/Characters/Pounce/PounceCrouchWalkAnim.uasset" 195
"../../../../../../Documents/GitHub/ACE/Content/Characters/Pounce/PounceCrouchWalkAnim_PhysicsAsset.uasset" 196
"../../../../../../Documents/GitHub/ACE/Content/Characters/Pounce/Materials_Textures/Material__2.uasset" 197
"../../../../../../Documents/GitHub/ACE/Content/Characters/Pounce/Random/PounceIdleAnim_PhysicsAsset.uasset" 198
"../../../../../../Documents/GitHub/ACE/Content/Characters/Pounce/Random/PounceIdleAnim.uasset" 199
"../../../../../../Documents/GitHub/ACE/Content/Characters/Pounce/PounceIdleAnim.uasset" 200
"../../../../../../Documents/GitHub/ACE/Content/Characters/Pounce/PounceIdleAnim_PhysicsAsset.uasset" 201
"../../../../../../Documents/GitHub/ACE/Content/Characters/Pounce/Random/PounceJumpEndAnim_PhysicsAsset.uasset" 202
"../../../../../../Documents/GitHub/ACE/Content/Characters/Pounce/Random/PounceJumpEndAnim.uasset" 203
"../../../../../../Documents/GitHub/ACE/Content/Characters/Pounce/PounceJumpEndAnim.uasset" 204
"../../../../../../Documents/GitHub/ACE/Content/Characters/Pounce/PounceJumpEndAnim_PhysicsAsset.uasset" 205
"../../../../../../Documents/GitHub/ACE/Content/Characters/Pounce/Random/PounceJumpLoopAnim_PhysicsAsset.uasset" 206
"../../../../../../Documents/GitHub/ACE/Content/Characters/Pounce/Random/PounceJumpLoopAnim.uasset" 207
"../../../../../../Documents/GitHub/ACE/Content/Characters/Pounce/PounceJumpLoopAnim.uasset" 208
"../../../../../../Documents/GitHub/ACE/Content/Characters/Pounce/PounceJumpLoopAnim_PhysicsAsset.uasset" 209
"../../../../../../Documents/GitHub/ACE/Content/Characters/Pounce/Random/PounceJumpStartAnim_PhysicsAsset.uasset" 210
"../../../../../../Documents/GitHub/ACE/Content/Characters/Pounce/Random/PounceJumpStartAnim.uasset" 211
"../../../../../../Documents/GitHub/ACE/Content/Characters/Pounce/PounceJumpStartAnim.uasset" 212
"../../../../../../Documents/GitHub/ACE/Content/Characters/Pounce/PounceJumpStartAnim_PhysicsAsset.uasset" 213
"../../../../../../Documents/GitHub/ACE/Content/Characters/Pounce/Random/PounceRoll1Anim_PhysicsAsset.uasset" 214
"../../../../../../Documents/GitHub/ACE/Content/Characters/Pounce/Random/PounceRoll1Anim.uasset" 215
"../../../../../../Documents/GitHub/ACE/Content/Characters/Pounce/PounceRoll1Anim.uasset" 216
"../../../../../../Documents/GitHub/ACE/Content/Characters/Pounce/PounceRoll1Anim_PhysicsAsset.uasset" 217
"../../../../../../Documents/GitHub/ACE/Content/Characters/Pounce/PounceRunAnim.uasset" 218
"../../../../../../Documents/GitHub/ACE/Content/Characters/Pounce/PounceRunAnim_PhysicsAsset.uasset" 219
"../../../../../../Documents/GitHub/ACE/Content/Characters/Pounce/Random/PounceTailWhipAnim_PhysicsAsset.uasset" 220
"../../../../../../Documents/GitHub/ACE/Content/Characters/Pounce/Random/PounceTailWhipAnim.uasset" 221
"../../../../../../Documents/GitHub/ACE/Content/Characters/Pounce/PounceTailWhipAnim.uasset" 222
"../../../../../../Documents/GitHub/ACE/Content/Characters/Pounce/PounceTailWhipAnim_PhysicsAsset.uasset" 223
"../../../../../../Documents/GitHub/ACE/Content/Characters/Pounce/Materials_Textures/Cat_1024x1024.uasset" 224
"../../../../../../Documents/GitHub/ACE/Content/Characters/Pounce/Materials_Textures/MI_PounceHighRes.uasset" 225
"../../../../../../Documents/GitHub/ACE/Content/Characters/Pounce/Materials_Textures/TestPounceMat1.uasset" 226
"../../../../../../Documents/GitHub/ACE/Content/Characters/Pounce/Mixamo_Temp/Pounce_Rig_NoTail.uasset" 227
"../../../../../../Documents/GitHub/ACE/Content/Characters/Pounce/Mixamo_Temp/Anims/Pounce_Crouch.uasset" 228
"../../../../../../Documents/GitHub/ACE/Content/Characters/Pounce/Mixamo_Temp/Anims/Pounce_IdleRun.uasset" 229
"../../../../../../Documents/GitHub/ACE/Content/Geometry/Meshes/CubeMaterial.uasset" 230
"../../../../../../Documents/GitHub/ACE/Content/Geometry/Meshes/1M_Cube.uasset" 231
"../../../../../../Documents/GitHub/ACE/Content/Mannequin/Character/Mesh/UE4_Mannequin_Skeleton.uasset" 232
"../../../../../../Documents/GitHub/ACE/Content/Mannequin/Animations/ThirdPersonJump_End.uasset" 233
"../../../Engine/Content/Functions/Engine_MaterialFunctions01/Vectors/RotateVector.uasset" 234
"../../../Engine/Content/Functions/Engine_MaterialFunctions02/FixRotateAboutAxisNormals.uasset" 235
"../../../Engine/Content/Functions/Engine_MaterialFunctions02/ObjectLocalBounds.uasset" 236
"../../../Engine/Content/Functions/Engine_MaterialFunctions02/TangentBasis.uasset" 237
"../../../Engine/Content/Functions/Engine_MaterialFunctions02/WorldPositionOffset/ObjectScale.uasset" 238
"../../../../../../Documents/GitHub/ACE/Content/PSXFX/Materials/MaterialFunctions/MF_Destructible.uasset" 239
"../../../../../../Documents/GitHub/ACE/Content/PSXFX/Materials/M_Destructible_Master.uasset" 240
"../../../../../../Documents/GitHub/ACE/Content/PSXFX/DemoContent/Textures/T_Box.uasset" 241
"../../../../../../Documents/GitHub/ACE/Content/PSXFX/DemoContent/Textures/T_Box_Damaged.uasset" 242
"../../../../../../Documents/GitHub/ACE/Content/PSXFX/DemoContent/Materials/Instances/MI_DestructibleBox.uasset" 243
"../../../../../../Documents/GitHub/ACE/Content/Props/Boxes/maya_boxpile_1_pCube2.uasset" 244
"../../../Engine/Content/Functions/Engine_MaterialFunctions01/Opacity/CameraDepthFade.uasset" 245
"../../../Engine/Content/EngineMaterials/T_Default_Material_Grid_M.uasset" 246
"../../../Engine/Content/EngineMaterials/T_Default_Material_Grid_N.uasset" 247
"../../../Engine/Content/EngineMaterials/WorldGridMaterial.uasset" 248
"../../../../../../Documents/GitHub/ACE/Content/Props/Boxes/maya_boxpile_1_pCube3.uasset" 249
"../../../../../../Documents/GitHub/ACE/Content/PSXFX/DemoContent/Textures/T_Barrel.uasset" 250
"../../../../../../Documents/GitHub/ACE/Content/PSXFX/DemoContent/Textures/T_BarrelDamaged.uasset" 251
"../../../../../../Documents/GitHub/ACE/Content/PSXFX/DemoContent/Materials/Instances/MI_ExplosiveBarrel.uasset" 252
"../../../../../../Documents/GitHub/ACE/Content/Props/Boxes/maya_boxpile_1_pCylinder1.uasset" 253
"../../../../../../Documents/GitHub/ACE/Content/Props/Car/lambert1.uasset" 254
"../../../../../../Documents/GitHub/ACE/Content/Props/Car/akindacrappycar_pasted__pTorus1.uasset" 255
"../../../../../../Documents/GitHub/ACE/Content/Props/Car/akindacrappycar_pasted__pTorus1_1.uasset" 256
"../../../../../../Documents/GitHub/ACE/Content/Props/Car/akindacrappycar_pasted__pTorus1_2.uasset" 257
"../../../../../../Documents/GitHub/ACE/Content/Props/Car/akindacrappycar_pCube1.uasset" 258
"../../../../../../Documents/GitHub/ACE/Content/Props/Car/akindacrappycar_pCube2.uasset" 259
"../../../../../../Documents/GitHub/ACE/Content/Props/Car/akindacrappycar_pTorus1.uasset" 260
"../../../../../../Documents/GitHub/ACE/Content/Props/Flashlight/flashlight_maya_pCube1.uasset" 261
"../../../../../../Documents/GitHub/ACE/Content/Props/Flashlight/flashlight_maya_pCylinder1.uasset" 262
"../../../../../../Documents/GitHub/ACE/Content/Props/Flashlight/flashlight_maya_pCylinder2.uasset" 263
"../../../../../../Documents/GitHub/ACE/Content/Props/Flashlight/flashlight_maya_pDisc1.uasset" 264
"../../../../../../Documents/GitHub/ACE/Content/Props/Sword/lambert1.uasset" 265
"../../../../../../Documents/GitHub/ACE/Content/Props/Sword/shadingMap3.uasset" 266
"../../../../../../Documents/GitHub/ACE/Content/Props/Sword/SM_MERGED_maya_sword_done_pCylinder1_57.uasset" 267
"../../../../../../Documents/GitHub/ACE/Content/PSXFX/DemoContent/Cinematics/LS_Fire.uasset" 268
"../../../../../../Documents/GitHub/ACE/Content/PSXFX/DemoContent/Cinematics/LS_LightSway.uasset" 269
"../../../../../../Documents/GitHub/ACE/Content/PSXFX/Blueprints/BP_DestructibleData.uasset" 270
"../../../../../../Documents/GitHub/ACE/Content/PSXFX/Materials/PSXmaterials/MI_DestructibleSphere.uasset" 271
"../../../../../../Documents/GitHub/ACE/Content/PSXFX/Destructibles/Sphere.uasset" 272
"../../../../../../Documents/GitHub/ACE/Content/PSXFX/Destructibles/DA_DestructibleSphere.uasset" 273
"../../../../../../Documents/GitHub/ACE/Content/Splash/Splash.uasset" 274
"../../../../../../Documents/GitHub/ACE/Content/StarterContent/Materials/M_Basic_Wall.uasset" 275
"../../../../../../Documents/GitHub/ACE/Content/StarterContent/Architecture/Pillar_50x500.uasset" 276
"../../../../../../Documents/GitHub/ACE/Content/StarterContent/Architecture/Wall_400x300.uasset" 277
"../../../../../../Documents/GitHub/ACE/Content/StarterContent/Architecture/Wall_400x400.uasset" 278
"../../../../../../Documents/GitHub/ACE/Content/StarterContent/Architecture/Wall_500x500.uasset" 279
"../../../../../../Documents/GitHub/ACE/Content/StarterContent/Architecture/Wall_Door_400x400.uasset" 280
"../../../../../../Documents/GitHub/ACE/Content/StarterContent/Architecture/Wall_Window_400x400.uasset" 281
"../../../../../../Documents/GitHub/ACE/Content/StarterContent/Audio/Collapse01.uasset" 282
"../../../../../../Documents/GitHub/ACE/Content/StarterContent/Audio/Collapse02.uasset" 283
"../../../../../../Documents/GitHub/ACE/Content/StarterContent/Audio/Explosion01.uasset" 284
"../../../../../../Documents/GitHub/ACE/Content/StarterContent/Audio/Explosion02.uasset" 285
"../../../../../../Documents/GitHub/ACE/Content/StarterContent/Audio/Fire01.uasset" 286
"../../../../../../Documents/GitHub/ACE/Content/StarterContent/Audio/Fire_Sparks01.uasset" 287
"../../../../../../Documents/GitHub/ACE/Content/StarterContent/Audio/Light01.uasset" 288
"../../../../../../Documents/GitHub/ACE/Content/StarterContent/Audio/Light01_Cue.uasset" 289
"../../../../../../Documents/GitHub/ACE/Content/StarterContent/Audio/Light02.uasset" 290
"../../../../../../Documents/GitHub/ACE/Content/StarterContent/Audio/Light02_Cue.uasset" 291
"../../../../../../Documents/GitHub/ACE/Content/StarterContent/Audio/Smoke01.uasset" 292
"../../../../../../Documents/GitHub/ACE/Content/StarterContent/Audio/Starter_Birds01.uasset" 293
"../../../../../../Documents/GitHub/ACE/Content/StarterContent/Audio/Starter_Music01.uasset" 294
"../../../../../../Documents/GitHub/ACE/Content/StarterContent/Audio/Starter_Wind05.uasset" 295
"../../../../../../Documents/GitHub/ACE/Content/StarterContent/Audio/Starter_Wind06.uasset" 296
"../../../../../../Documents/GitHub/ACE/Content/StarterContent/Audio/Steam01.uasset" 297
"../../../../../../Documents/GitHub/ACE/Content/StarterContent/Audio/Explosion_Cue.uasset" 298
"../../../../../../Documents/GitHub/ACE/Content/StarterContent/Textures/T_Burst_M.uasset" 299
"../../../../../../Documents/GitHub/ACE/Content/StarterContent/Particles/Materials/M_Burst.uasset" 300
"../../../../../../Documents/GitHub/ACE/Content/StarterContent/Textures/T_Explosion_SubUV.uasset" 301
"../../../../../../Documents/GitHub/ACE/Content/StarterContent/Particles/Materials/M_explosion_subUV.uasset" 302
"../../../../../../Documents/GitHub/ACE/Content/StarterContent/Particles/Materials/m_flare_01.uasset" 303
"../../../Engine/Content/Functions/Engine_MaterialFunctions01/Gradient/RadialGradient.uasset" 304
"../../../../../../Documents/GitHub/ACE/Content/StarterContent/Particles/Materials/M_radial_ramp.uasset" 305
"../../../../../../Documents/GitHub/ACE/Content/StarterContent/Textures/T_Smoke_SubUV.uasset" 306
"../../../../../../Documents/GitHub/ACE/Content/StarterContent/Textures/T_Smoke_Tiled_D.uasset" 307
"../../../../../../Documents/GitHub/ACE/Content/StarterContent/Particles/Materials/M_smoke_subUV.uasset" 308
"../../../../../../Documents/GitHub/ACE/Content/StarterContent/Particles/P_Explosion.uasset" 309
"../../../../../../Documents/GitHub/ACE/Content/StarterContent/Blueprints/Blueprint_Effect_Explosion.uasset" 310
"../../../Engine/Content/EditorMeshes/ColorCalibrator/T_ColorGrid.uasset" 311
"../../../../../../Documents/GitHub/ACE/Content/StarterContent/Materials/M_ColorGrid_LowSpec.uasset" 312
"../../../../../../Documents/GitHub/ACE/Content/StarterContent/Textures/T_Bush_D.uasset" 313
"../../../../../../Documents/GitHub/ACE/Content/StarterContent/Textures/T_Bush_N.uasset" 314
"../../../../../../Documents/GitHub/ACE/Content/StarterContent/Props/Materials/M_Bush.uasset" 315
"../../../../../../Documents/GitHub/ACE/Content/StarterContent/Props/SM_Bush.uasset" 316
"../../../../../../Documents/GitHub/ACE/Content/StarterContent/Textures/T_Chair_M.uasset" 317
"../../../../../../Documents/GitHub/ACE/Content/StarterContent/Textures/T_Chair_N.uasset" 318
"../../../../../../Documents/GitHub/ACE/Content/StarterContent/Props/Materials/M_Chair.uasset" 319
"../../../../../../Documents/GitHub/ACE/Content/StarterContent/Props/SM_Couch.uasset" 320
"../../../../../../Documents/GitHub/ACE/Content/StarterContent/Materials/M_Glass.uasset" 321
"../../../../../../Documents/GitHub/ACE/Content/StarterContent/Textures/T_Door_M.uasset" 322
"../../../../../../Documents/GitHub/ACE/Content/StarterContent/Textures/T_Door_N.uasset" 323
"../../../../../../Documents/GitHub/ACE/Content/StarterContent/Props/Materials/M_Door.uasset" 324
"../../../../../../Documents/GitHub/ACE/Content/StarterContent/Props/SM_Door.uasset" 325
"../../../../../../Documents/GitHub/ACE/Content/StarterContent/Props/Materials/M_MaterialSphere.uasset" 326
"../../../../../../Documents/GitHub/ACE/Content/StarterContent/Props/Materials/M_MaterialSphere_Plain.uasset" 327
"../../../../../../Documents/GitHub/ACE/Content/StarterContent/Props/SM_MatPreviewMesh_02.uasset" 328
"../../../Engine/Content/Functions/Engine_MaterialFunctions02/Utility/BlendAngleCorrectedNormals.uasset" 329
"../../../../../../Documents/GitHub/ACE/Content/StarterContent/Textures/T_Detail_Rocky_N.uasset" 330
"../../../../../../Documents/GitHub/ACE/Content/StarterContent/Textures/T_Rock_Basalt_D.uasset" 331
"../../../../../../Documents/GitHub/ACE/Content/StarterContent/Textures/T_RockMesh_M.uasset" 332
"../../../../../../Documents/GitHub/ACE/Content/StarterContent/Textures/T_RockMesh_N.uasset" 333
"../../../../../../Documents/GitHub/ACE/Content/StarterContent/Props/Materials/M_Rock.uasset" 334
"../../../../../../Documents/GitHub/ACE/Content/StarterContent/Props/SM_Rock.uasset" 335
"../../../../../../Documents/GitHub/ACE/Content/StarterContent/Textures/T_Shelf_M.uasset" 336
"../../../../../../Documents/GitHub/ACE/Content/StarterContent/Textures/T_Shelf_N.uasset" 337
"../../../../../../Documents/GitHub/ACE/Content/StarterContent/Props/Materials/M_Shelf.uasset" 338
"../../../../../../Documents/GitHub/ACE/Content/StarterContent/Props/SM_Shelf.uasset" 339
"../../../../../../Documents/GitHub/ACE/Content/StarterContent/Materials/M_Basic_Floor.uasset" 340
"../../../../../../Documents/GitHub/ACE/Content/StarterContent/Props/SM_Stairs.uasset" 341
"../../../../../../Documents/GitHub/ACE/Content/StarterContent/Shapes/Shape_Cone.uasset" 342
"../../../../../../Documents/GitHub/ACE/Content/StarterContent/Shapes/Shape_Cylinder.uasset" 343
"../../../../../../Documents/GitHub/ACE/Content/StarterContent/Shapes/Shape_NarrowCapsule.uasset" 344
"../../../../../../Documents/GitHub/ACE/Content/StarterContent/Shapes/Shape_Pipe.uasset" 345
"../../../../../../Documents/GitHub/ACE/Content/StarterContent/Shapes/Shape_Pipe_180.uasset" 346
"../../../../../../Documents/GitHub/ACE/Content/StarterContent/Shapes/Shape_Pipe_90.uasset" 347
"../../../../../../Documents/GitHub/ACE/Content/StarterContent/Shapes/Shape_Plane.uasset" 348
"../../../../../../Documents/GitHub/ACE/Content/StarterContent/Shapes/Shape_Torus.uasset" 349
"../../../../../../Documents/GitHub/ACE/Content/StarterContent/Shapes/Shape_Trim.uasset" 350
"../../../../../../Documents/GitHub/ACE/Content/StarterContent/Shapes/Shape_Trim_90_In.uasset" 351
"../../../../../../Documents/GitHub/ACE/Content/StarterContent/Shapes/Shape_Trim_90_Out.uasset" 352
"../../../../../../Documents/GitHub/ACE/Content/StarterContent/Shapes/Shape_TriPyramid.uasset" 353
"../../../../../../Documents/GitHub/ACE/Content/StarterContent/Shapes/Shape_Tube.uasset" 354
"../../../../../../Documents/GitHub/ACE/Content/StarterContent/Shapes/Shape_Wedge_A.uasset" 355
"../../../../../../Documents/GitHub/ACE/Content/StarterContent/Shapes/Shape_Wedge_B.uasset" 356
"../../../../../../Documents/GitHub/ACE/Content/StarterContent/Shapes/Shape_WideCapsule.uasset" 357
"../../../../../../Documents/GitHub/ACE/Content/ThirdPersonBP/ThirdPersonOverview.uasset" 358
"../../../../../../Documents/GitHub/ACE/Content/Mannequin/Animations/ThirdPerson_Jump.uasset" 359
"../../../../../../Documents/GitHub/ACE/Content/Mannequin/Animations/ThirdPersonJump_Loop.uasset" 360
"../../../../../../Documents/GitHub/ACE/Content/Mannequin/Animations/ThirdPersonJump_Start.uasset" 361
"../../../../../../Documents/GitHub/ACE/Content/Mannequin/Animations/ThirdPersonIdle.uasset" 362
"../../../../../../Documents/GitHub/ACE/Content/Mannequin/Animations/ThirdPersonRun.uasset" 363
"../../../../../../Documents/GitHub/ACE/Content/Mannequin/Animations/ThirdPersonWalk.uasset" 364
"../../../../../../Documents/GitHub/ACE/Content/Mannequin/Animations/ThirdPerson_IdleRun_2D.uasset" 365
"../../../../../../Documents/GitHub/ACE/Content/Mannequin/Animations/ThirdPerson_AnimBP.uasset" 366
"../../../Engine/Content/Functions/MaterialLayerFunctions/MatLayerBlend_NormalBlend.uasset" 367
"../../../Engine/Content/Functions/MaterialLayerFunctions/MatLayerBlend_Simple.uasset" 368
"../../../../../../Documents/GitHub/ACE/Content/Mannequin/Character/Materials/MaterialLayers/T_ML_Rubber_Blue_01_D.uasset" 369
"../../../../../../Documents/GitHub/ACE/Content/Mannequin/Character/Materials/MaterialLayers/T_ML_Rubber_Blue_01_N.uasset" 370
"../../../../../../Documents/GitHub/ACE/Content/Mannequin/Character/Materials/MaterialLayers/ML_GlossyBlack_Latex_UE4.uasset" 371
"../../../../../../Documents/GitHub/ACE/Content/Mannequin/Character/Materials/MaterialLayers/ML_Plastic_Shiny_Beige.uasset" 372
"../../../../../../Documents/GitHub/ACE/Content/Mannequin/Character/Textures/UE4_LOGO_CARD.uasset" 373
"../../../../../../Documents/GitHub/ACE/Content/Mannequin/Character/Materials/MaterialLayers/ML_Plastic_Shiny_Beige_LOGO.uasset" 374
"../../../../../../Documents/GitHub/ACE/Content/Mannequin/Character/Materials/MaterialLayers/T_ML_Aluminum01.uasset" 375
"../../../../../../Documents/GitHub/ACE/Content/Mannequin/Character/Materials/MaterialLayers/T_ML_Aluminum01_N.uasset" 376
"../../../../../../Documents/GitHub/ACE/Content/Mannequin/Character/Materials/MaterialLayers/ML_SoftMetal_UE4.uasset" 377
"../../../../../../Documents/GitHub/ACE/Content/Mannequin/Character/Textures/UE4_Mannequin__normals.uasset" 378
"../../../../../../Documents/GitHub/ACE/Content/Mannequin/Character/Textures/UE4_Mannequin_MAT_MASKA.uasset" 379
"../../../../../../Documents/GitHub/ACE/Content/Mannequin/Character/Materials/M_UE4Man_Body.uasset" 380
"../../../../../../Documents/GitHub/ACE/Content/Mannequin/Character/Textures/UE4Man_Logo_N.uasset" 381
"../../../../../../Documents/GitHub/ACE/Content/Mannequin/Character/Materials/M_UE4Man_ChestLogo.uasset" 382
"../../../../../../Documents/GitHub/ACE/Content/PSXFX/DemoContent/Textures/T_Pavement.uasset" 383
"../../../../../../Documents/GitHub/ACE/Content/PSXFX/Materials/PSXmaterials/MI_Ground.uasset" 384
"../../../../../../Documents/GitHub/ACE/Content/Mannequin/Character/Mesh/SK_Mannequin_PhysicsAsset.uasset" 385
"../../../../../../Documents/GitHub/ACE/Content/Mannequin/Character/Mesh/SK_Mannequin.uasset" 386
"../../../../../../Documents/GitHub/ACE/Content/ThirdPersonBP/Blueprints/ThirdPersonCharacter.uasset" 387
"../../../Engine/Content/Animation/DefaultAnimCurveCompressionSettings.uasset" 388
"../../../Engine/Content/ArtTools/RenderToTexture/Meshes/S_1_Unit_Plane.uasset" 389
"../../../Engine/Content/EngineMaterials/DefaultMaterial.uasset" 390
"../../../Engine/Content/BasicShapes/Cone.uasset" 391
"../../../Engine/Content/BasicShapes/Cylinder.uasset" 392
"../../../Engine/Content/BasicShapes/Plane.uasset" 393
"../../../Engine/Content/BasicShapes/Sphere.uasset" 394
"../../../Engine/Content/EditorLandscapeResources/DataLayer.uasset" 395
"../../../Engine/Content/EditorMaterials/MAT_Groups_Toggle.uasset" 396
"../../../Engine/Content/EditorMaterials/MAT_Groups_Visibility.uasset" 397
"../../../Engine/Content/EditorMaterials/PreviewShadowIndicator.uasset" 398
"../../../Engine/Content/EditorMaterials/PreviewShadowIndicatorMaterial.uasset" 399
"../../../Engine/Content/EditorMaterials/MatineeGroups/MAT_ColorTrack.uasset" 400
"../../../Engine/Content/EditorMaterials/MatineeGroups/MAT_Groups_Anim.uasset" 401
"../../../Engine/Content/EditorMaterials/MatineeGroups/MAT_Groups_AudioMaster.uasset" 402
"../../../Engine/Content/EditorMaterials/MatineeGroups/MAT_Groups_Director.uasset" 403
"../../../Engine/Content/EditorMaterials/MatineeGroups/MAT_Groups_Event.uasset" 404
"../../../Engine/Content/EditorMaterials/MatineeGroups/MAT_Groups_Fade.uasset" 405
"../../../Engine/Content/EditorMaterials/MatineeGroups/MAT_Groups_Float.uasset" 406
"../../../Engine/Content/EditorMaterials/MatineeGroups/MAT_Groups_Move.uasset" 407
"../../../Engine/Content/EditorMaterials/MatineeGroups/MAT_Groups_Slomo.uasset" 408
"../../../Engine/Content/EditorMaterials/MatineeGroups/MAT_Groups_Sound.uasset" 409
"../../../Engine/Content/EditorMaterials/MatineeGroups/MAT_Groups_Vector.uasset" 410
"../../../Engine/Content/EditorMaterials/ParticleSystems/PSysThumbnail_NoImage.uasset" 411
"../../../Engine/Content/EditorMaterials/ParticleSystems/PSysThumbnail_OOD.uasset" 412
"../../../Engine/Content/EditorMaterials/Camera/CineMat.uasset" 413
"../../../Engine/Content/EditorMaterials/Camera/MI_CineMat_Rig.uasset" 414
"../../../Engine/Content/EditorMeshes/Camera/SM_CraneRig_Arm.uasset" 415
"../../../Engine/Content/EditorMeshes/Camera/SM_CraneRig_Base.uasset" 416
"../../../Engine/Content/EditorMeshes/Camera/SM_CraneRig_Body.uasset" 417
"../../../Engine/Content/EditorMeshes/Camera/SM_CraneRig_Mount.uasset" 418
"../../../Engine/Content/EditorMeshes/Camera/SM_RailRig_Mount.uasset" 419
"../../../Engine/Content/EditorMeshes/Camera/SM_RailRig_Track.uasset" 420
"../../../Engine/Content/EditorResources/BSPVertex.uasset" 421
"../../../Engine/Content/EditorResources/EmptyActor.uasset" 422
"../../../Engine/Content/EditorResources/S_Actor.uasset" 423
"../../../Engine/Content/EditorResources/S_Note.uasset" 424
"../../../Engine/Content/EditorResources/S_Solver.uasset" 425
"../../../Engine/Content/EditorResources/S_Trigger.uasset" 426
"../../../Engine/Content/EditorResources/AudioIcons/S_AudioComponent.uasset" 427
"../../../Engine/Content/EditorResources/AudioIcons/S_AudioComponent_AutoActivate.uasset" 428
"../../../Engine/Content/EditorResources/LightIcons/S_LightError.uasset" 429
"../../../Engine/Content/EditorResources/SequenceRecorder/Countdown.uasset" 430
"../../../Engine/Content/EditorResources/SequenceRecorder/RecordingIndicator.uasset" 431
"../../../Engine/Content/EditorSounds/Notifications/CompileFailed.uasset" 432
"../../../Engine/Content/EditorSounds/Notifications/CompileFailed_Cue.uasset" 433
"../../../Engine/Content/EditorSounds/Notifications/CompileSuccess.uasset" 434
"../../../Engine/Content/EditorSounds/Notifications/CompileStart_Cue.uasset" 435
"../../../Engine/Content/EditorSounds/Notifications/CompileSuccess_Cue.uasset" 436
"../../../Engine/Content/EngineDamageTypes/DmgTypeBP_Environmental.uasset" 437
"../../../Engine/Content/EngineDebugMaterials/DebugEditorMaterial.uasset" 438
"../../../Engine/Content/EngineDebugMaterials/DebugMeshMaterial.uasset" 439
"../../../Engine/Content/EngineDebugMaterials/M_SimpleTranslucent.uasset" 440
"../../../Engine/Content/EngineDebugMaterials/VolumeToRender.uasset" 441
"../../../Engine/Content/EngineDebugMaterials/M_VolumeRenderSphereTracePP.uasset" 442
"../../../Engine/Content/EngineDebugMaterials/WireframeMaterial.uasset" 443
"../../../Engine/Content/EngineFonts/Faces/DroidSansFallback.uasset" 444
"../../../Engine/Content/EngineFonts/Faces/RobotoBold.uasset" 445
"../../../Engine/Content/EngineFonts/Faces/RobotoBoldItalic.uasset" 446
"../../../Engine/Content/EngineFonts/Faces/RobotoItalic.uasset" 447
"../../../Engine/Content/EngineFonts/Faces/RobotoLight.uasset" 448
"../../../Engine/Content/EngineFonts/Faces/RobotoRegular.uasset" 449
"../../../Engine/Content/EngineFonts/Roboto.uasset" 450
"../../../Engine/Content/EngineMaterials/BaseFlattenDiffuseMap.uasset" 451
"../../../Engine/Content/EngineMaterials/BaseFlattenEmissiveMap.uasset" 452
"../../../Engine/Content/EngineMaterials/BaseFlattenGrayscaleMap.uasset" 453
"../../../Engine/Content/EngineMaterials/BaseFlattenNormalMap.uasset" 454
"../../../Engine/Content/EngineMaterials/BaseFlattenMaterial.uasset" 455
"../../../Engine/Content/EngineMaterials/BlueNoise.uasset" 456
"../../../Engine/Content/EngineMaterials/DefaultBloomKernel.uasset" 457
"../../../Engine/Content/EngineMaterials/DefaultBokeh.uasset" 458
"../../../Engine/Content/EngineMaterials/DefaultDeferredDecalMaterial.uasset" 459
"../../../Engine/Content/EngineMaterials/DefaultLightFunctionMaterial.uasset" 460
"../../../Engine/Content/EngineMaterials/DefaultPhysicalMaterial.uasset" 461
"../../../Engine/Content/EngineMaterials/DefaultPostProcessMaterial.uasset" 462
"../../../Engine/Content/EngineFonts/RobotoDistanceField.uasset" 463
"../../../Engine/Content/EngineMaterials/DefaultTextMaterialOpaque.uasset" 464
"../../../Engine/Content/EngineMaterials/DefaultVirtualTextureMaterial.uasset" 465
"../../../Engine/Content/EngineMaterials/DefaultWhiteGrid.uasset" 466
"../../../Engine/Content/EngineMaterials/DefaultWhiteGrid_Low.uasset" 467
"../../../Engine/Content/EngineMaterials/EmissiveMeshMaterial.uasset" 468
"../../../Engine/Content/EngineMaterials/GizmoMaterial.uasset" 469
"../../../Engine/Content/EngineMaterials/Good64x64TilingNoiseHighFreq.uasset" 470
"../../../Engine/Content/EngineMaterials/HairDefaultMaterial.uasset" 471
"../../../Engine/Content/EngineMaterials/MiniFont.uasset" 472
"../../../Engine/Content/EngineMaterials/InvalidLightmapSettings.uasset" 473
"../../../Engine/Content/EngineMaterials/M_InvalidLightmapSettings.uasset" 474
"../../../Engine/Content/Functions/Engine_MaterialFunctions02/WorldPositionOffset/CameraOffset.uasset" 475
"../../../Engine/Content/EngineMaterials/PhAT_JointLimitMaterial.uasset" 476
"../../../Engine/Content/EngineMaterials/PreintegratedSkinBRDF.uasset" 477
"../../../Engine/Content/EngineMaterials/RemoveSurfaceMaterial.uasset" 478
"../../../Engine/Content/EngineMaterials/WeightMapPlaceholderTexture.uasset" 479
"../../../Engine/Content/EngineResources/WhiteSquareTexture.uasset" 480
"../../../Engine/Content/EngineMaterials/Widget3DPassThrough.uasset" 481
"../../../Engine/Content/EngineMaterials/Widget3DPassThrough_Masked.uasset" 482
"../../../Engine/Content/EngineMaterials/Widget3DPassThrough_Opaque.uasset" 483
"../../../Engine/Content/EngineMaterials/Widget3DPassThrough_Masked_OneSided.uasset" 484
"../../../Engine/Content/EngineMaterials/Widget3DPassThrough_Opaque_OneSided.uasset" 485
"../../../Engine/Content/EngineMaterials/Widget3DPassThrough_Translucent.uasset" 486
"../../../Engine/Content/EngineMaterials/Widget3DPassThrough_Translucent_OneSided.uasset" 487
"../../../Engine/Content/EngineMeshes/Cylinder.uasset" 488
"../../../Engine/Content/EngineMeshes/Sphere.uasset" 489
"../../../Engine/Content/EngineResources/Black.uasset" 490
"../../../Engine/Content/EngineResources/DefaultTexture.uasset" 491
"../../../Engine/Content/EngineResources/DefaultTextureCube.uasset" 492
"../../../Engine/Content/EngineResources/DefaultVolumeTexture2D.uasset" 493
"../../../Engine/Content/EngineResources/DefaultVolumeTexture.uasset" 494
"../../../Engine/Content/EngineResources/GradientTexture0.uasset" 495
"../../../Engine/Content/EngineSounds/Master.uasset" 496
"../../../Engine/Content/Functions/Engine_MaterialFunctions01/Shading/ConvertFromDiffSpec.uasset" 497
"../../../Engine/Content/Functions/Engine_MaterialFunctions01/Shading/PowerToRoughness.uasset" 498
"../../../Engine/Content/Maps/Templates/Thumbnails/Default.uasset" 499
"../../../Engine/Content/Maps/Templates/Thumbnails/TimeOfDay.uasset" 500
"../../../Engine/Content/Maps/Templates/Thumbnails/VR-Basic.uasset" 501
"../../../Engine/Content/MobileResources/T_MobileControls_texture.uasset" 502
"../../../Engine/Content/MobileResources/T_MobileMenu2.uasset" 503
"../../../Engine/Content/MobileResources/HUD/AnalogHat.uasset" 504
"../../../Engine/Content/MobileResources/HUD/VirtualJoystick_Background.uasset" 505
"../../../Engine/Content/MobileResources/HUD/VirtualJoystick_Thumb.uasset" 506
"../../../Engine/Content/MobileResources/HUD/DefaultVirtualJoysticks.uasset" 507
"../../../Engine/Content/MobileResources/HUD/LeftVirtualJoystickOnly.uasset" 508
"../../../Engine/Content/MobileResources/HUD/MobileHUDButton1_off.uasset" 509
"../../../Engine/Content/MobileResources/HUD/MobileHUDButton1_on.uasset" 510
"../../../Engine/Content/MobileResources/HUD/MobileHUDButton2_off.uasset" 511
"../../../Engine/Content/MobileResources/HUD/MobileHUDButton2_on.uasset" 512
"../../../Engine/Content/MobileResources/HUD/MobileHUDButton3.uasset" 513
"../../../Engine/Content/MobileResources/HUD/MobileHUDButtonFire.uasset" 514
"../../../Engine/Content/MobileResources/HUD/MobileHUDDirectionPad.uasset" 515
"../../../Engine/Content/MobileResources/HUD/MobileHUDDirectionPad2.uasset" 516
"../../../Engine/Content/MobileResources/HUD/MobileHUDDirectionPad3.uasset" 517
"../../../Engine/Content/MobileResources/HUD/MobileHUDDirectionStick.uasset" 518
"../../../Engine/Content/MobileResources/HUD/T_Castle_ThumbstickInner.uasset" 519
"../../../Engine/Content/MobileResources/HUD/T_Castle_ThumbstickOutter.uasset" 520
"../../../Engine/Content/Tutorial/ContentIntroCurve.uasset" 521
"../../../Engine/Content/Tutorial/Basics/LevelEditorAttract.uasset" 522
"../../../Engine/Content/Tutorial/Basics/TutorialAssets/icon_tab_Levels_40x.uasset" 523
"../../../Engine/Content/Tutorial/Basics/LevelEditorOverview.uasset" 524
"../../../Engine/Content/VREditor/LaserPointer/VR_LaserPower_01.uasset" 525
"../../../Engine/Content/VREditor/TransformGizmo/TransformGizmoMaterial.uasset" 526
"../../../Engine/Content/VREditor/TransformGizmo/TranslucentTransformGizmoMaterial.uasset" 527
"../../../Engine/Content/VREditor/TransformGizmo/BoundingBoxCorner.uasset" 528
"../../../Engine/Content/VREditor/TransformGizmo/BoundingBoxEdge.uasset" 529
"../../../Engine/Content/VREditor/TransformGizmo/PlaneTranslationHandle.uasset" 530
"../../../Engine/Content/VREditor/TransformGizmo/Main.uasset" 531
"../../../Engine/Content/VREditor/TransformGizmo/Xray.uasset" 532
"../../../Engine/Content/VREditor/TransformGizmo/SM_Sequencer_Key.uasset" 533
"../../../Engine/Content/VREditor/TransformGizmo/SM_Sequencer_Node.uasset" 534
"../../Plugins/2D/Paper2D/Content/PlaceholderTextures/DummySpriteTexture.uasset" 535
"../../Plugins/2D/Paper2D/Content/DummySprite.uasset" 536
"../../Plugins/2D/Paper2D/Content/DefaultPaperTerrainMaterial.uasset" 537
"../../Plugins/2D/Paper2D/Content/DummySpriteTexture.uasset" 538
"../../Plugins/2D/Paper2D/Content/DefaultSpriteMaterial.uasset" 539
"../../Plugins/2D/Paper2D/Content/MaskedUnlitSpriteMaterial.uasset" 540
"../../Plugins/2D/Paper2D/Content/OpaqueUnlitSpriteMaterial.uasset" 541
"../../../../../../Documents/GitHub/ACE/Content/PSXFX/Blueprints/BP_Destructible.uasset" 542
"../../../../../../Documents/GitHub/ACE/Content/PSXFX/DemoContent/Blueprints/BP_DemoHUD.uasset" 543
"../../../../../../Documents/GitHub/ACE/Content/PSXFX/DemoContent/Blueprints/BP_DemoGameMode.uasset" 544
"../../../../../../Documents/GitHub/ACE/Content/PSXFX/DemoContent/Blueprints/Curve_BarrelForce.uasset" 545
"../../../../../../Documents/GitHub/ACE/Content/PSXFX/DemoContent/Audio/A_Explosion.uasset" 546
"../../../../../../Documents/GitHub/ACE/Content/PSXFX/DemoContent/Audio/A_Explosion_Cue.uasset" 547
"../../../../../../Documents/GitHub/ACE/Content/PSXFX/DemoContent/Meshes/SM_Barrel.uasset" 548
"../../../../../../Documents/GitHub/ACE/Content/PSXFX/DemoContent/Textures/T_BarrelDestroyed.uasset" 549
"../../../../../../Documents/GitHub/ACE/Content/PSXFX/DemoContent/Materials/Instances/MI_BarrelDestroyed.uasset" 550
"../../../../../../Documents/GitHub/ACE/Content/PSXFX/DemoContent/Meshes/SM_BarrelDestroyed.uasset" 551
"../../../../../../Documents/GitHub/ACE/Content/PSXFX/DemoContent/Textures/T_FireSubUV.uasset" 552
"../../../../../../Documents/GitHub/ACE/Content/PSXFX/DemoContent/Materials/M_Particle.uasset" 553
"../../../../../../Documents/GitHub/ACE/Content/PSXFX/DemoContent/Particles/PS_Fire_00.uasset" 554
"../../../../../../Documents/GitHub/ACE/Content/PSXFX/DemoContent/Blueprints/DA_DestructibleBarrel.uasset" 555
"../../../../../../Documents/GitHub/ACE/Content/PSXFX/DemoContent/Audio/A_Ceramic.uasset" 556
"../../../../../../Documents/GitHub/ACE/Content/PSXFX/DemoContent/Audio/A_Ceramic_Cue.uasset" 557
"../../../../../../Documents/GitHub/ACE/Content/PSXFX/DemoContent/Textures/T_Bottle.uasset" 558
"../../../../../../Documents/GitHub/ACE/Content/PSXFX/DemoContent/Materials/Instances/MI_Bottle_Destructible.uasset" 559
"../../../../../../Documents/GitHub/ACE/Content/PSXFX/DemoContent/Meshes/SM_Bottle.uasset" 560
"../../../../../../Documents/GitHub/ACE/Content/PSXFX/DemoContent/Blueprints/DA_DestructibleBottle.uasset" 561
"../../../../../../Documents/GitHub/ACE/Content/PSXFX/DemoContent/Audio/A_Wood.uasset" 562
"../../../../../../Documents/GitHub/ACE/Content/PSXFX/DemoContent/Audio/A_Wood_Cue.uasset" 563
"../../../../../../Documents/GitHub/ACE/Content/PSXFX/DemoContent/Meshes/SM_Box.uasset" 564
"../../../../../../Documents/GitHub/ACE/Content/PSXFX/DemoContent/Particles/PS_Smoke.uasset" 565
"../../../../../../Documents/GitHub/ACE/Content/PSXFX/DemoContent/Blueprints/DA_DestructibleBox.uasset" 566
"../../../../../../Documents/GitHub/ACE/Content/PSXFX/DemoContent/Maps/PSXFX_Demo_BuiltData.uasset" 567
"../../../../../../Documents/GitHub/ACE/Content/PSXFX/DemoContent/Textures/T_BrickWall.uasset" 568
"../../../../../../Documents/GitHub/ACE/Content/PSXFX/DemoContent/Textures/T_Grass.uasset" 569
"../../../../../../Documents/GitHub/ACE/Content/PSXFX/DemoContent/Materials/Instances/MI_BrickWall.uasset" 570
"../../../../../../Documents/GitHub/ACE/Content/PSXFX/DemoContent/Textures/T_Fence.uasset" 571
"../../../../../../Documents/GitHub/ACE/Content/PSXFX/DemoContent/Materials/Instances/MI_ChainLink.uasset" 572
"../../../../../../Documents/GitHub/ACE/Content/PSXFX/DemoContent/Textures/T_Fountain.uasset" 573
"../../../../../../Documents/GitHub/ACE/Content/PSXFX/DemoContent/Materials/Instances/MI_Fountain.uasset" 574
"../../../../../../Documents/GitHub/ACE/Content/PSXFX/DemoContent/Textures/T_Cells.uasset" 575
"../../../../../../Documents/GitHub/ACE/Content/PSXFX/DemoContent/Textures/T_Random.uasset" 576
"../../../../../../Documents/GitHub/ACE/Content/PSXFX/DemoContent/Materials/M_Water.uasset" 577
"../../../../../../Documents/GitHub/ACE/Content/PSXFX/DemoContent/Materials/Instances/MI_FountainStream.uasset" 578
"../../../../../../Documents/GitHub/ACE/Content/PSXFX/DemoContent/Materials/Instances/MI_FountainWaterStatic.uasset" 579
"../../../../../../Documents/GitHub/ACE/Content/PSXFX/DemoContent/Textures/T_Gate.uasset" 580
"../../../../../../Documents/GitHub/ACE/Content/PSXFX/DemoContent/Materials/Instances/MI_Gate.uasset" 581
"../../../../../../Documents/GitHub/ACE/Content/PSXFX/DemoContent/Materials/Instances/MI_Grass.uasset" 582
"../../../../../../Documents/GitHub/ACE/Content/PSXFX/DemoContent/Materials/Instances/MI_GrassWorld.uasset" 583
"../../../../../../Documents/GitHub/ACE/Content/PSXFX/DemoContent/Textures/T_Park_00.uasset" 584
"../../../../../../Documents/GitHub/ACE/Content/PSXFX/DemoContent/Materials/Instances/MI_Park_00.uasset" 585
"../../../../../../Documents/GitHub/ACE/Content/PSXFX/DemoContent/Materials/Instances/MI_Pavement.uasset" 586
"../../../../../../Documents/GitHub/ACE/Content/PSXFX/DemoContent/Textures/T_Bush_00.uasset" 587
"../../../../../../Documents/GitHub/ACE/Content/PSXFX/DemoContent/Materials/Instances/MI_Plant_00.uasset" 588
"../../../../../../Documents/GitHub/ACE/Content/PSXFX/DemoContent/Textures/T_Sky.uasset" 589
"../../../../../../Documents/GitHub/ACE/Content/PSXFX/Materials/M_Skybox_Master.uasset" 590
"../../../../../../Documents/GitHub/ACE/Content/PSXFX/DemoContent/Materials/Instances/MI_Sky.uasset" 591
"../../../../../../Documents/GitHub/ACE/Content/PSXFX/Materials/MaterialFunctions/MF_Sprite.uasset" 592
"../../../../../../Documents/GitHub/ACE/Content/PSXFX/Materials/M_Sprite_Master.uasset" 593
"../../../../../../Documents/GitHub/ACE/Content/PSXFX/DemoContent/Materials/Instances/MI_Sprite.uasset" 594
"../../../../../../Documents/GitHub/ACE/Content/PSXFX/DemoContent/Textures/T_Bark.uasset" 595
"../../../../../../Documents/GitHub/ACE/Content/PSXFX/DemoContent/Materials/Instances/MI_Tree_01.uasset" 596
"../../../../../../Documents/GitHub/ACE/Content/PSXFX/DemoContent/Textures/T_TreeLeaves.uasset" 597
"../../../../../../Documents/GitHub/ACE/Content/PSXFX/DemoContent/Materials/Instances/MI_Tree_01_Branches.uasset" 598
"../../../Engine/Content/BasicShapes/Cube.uasset" 599
"../../../../../../Documents/GitHub/ACE/Content/PSXFX/DemoContent/Audio/A_Fire.uasset" 600
"../../../../../../Documents/GitHub/ACE/Content/PSXFX/DemoContent/Audio/A_Fire_Cue.uasset" 601
"../../../../../../Documents/GitHub/ACE/Content/PSXFX/DemoContent/Audio/A_Fountain.uasset" 602
"../../../../../../Documents/GitHub/ACE/Content/PSXFX/DemoContent/Audio/A_Fountain_Cue.uasset" 603
"../../../../../../Documents/GitHub/ACE/Content/PSXFX/DemoContent/Textures/T_Bench.uasset" 604
"../../../../../../Documents/GitHub/ACE/Content/PSXFX/DemoContent/Materials/Instances/MI_Bench.uasset" 605
"../../../../../../Documents/GitHub/ACE/Content/PSXFX/DemoContent/Meshes/SM_Bench.uasset" 606
"../../../../../../Documents/GitHub/ACE/Content/PSXFX/DemoContent/Meshes/SM_Bush_00.uasset" 607
"../../../../../../Documents/GitHub/ACE/Content/PSXFX/DemoContent/Meshes/SM_Corner_00.uasset" 608
"../../../../../../Documents/GitHub/ACE/Content/PSXFX/DemoContent/Meshes/SM_Corner_01.uasset" 609
"../../../../../../Documents/GitHub/ACE/Content/PSXFX/DemoContent/Meshes/SM_Fence.uasset" 610
"../../../../../../Documents/GitHub/ACE/Content/PSXFX/DemoContent/Textures/T_Firewood.uasset" 611
"../../../../../../Documents/GitHub/ACE/Content/PSXFX/DemoContent/Materials/Instances/MI_Firewood.uasset" 612
"../../../../../../Documents/GitHub/ACE/Content/PSXFX/DemoContent/Meshes/SM_Firewood.uasset" 613
"../../../../../../Documents/GitHub/ACE/Content/PSXFX/DemoContent/Meshes/SM_Floor.uasset" 614
"../../../../../../Documents/GitHub/ACE/Content/PSXFX/DemoContent/Meshes/SM_Fountain.uasset" 615
"../../../../../../Documents/GitHub/ACE/Content/PSXFX/DemoContent/Meshes/SM_fountain_water.uasset" 616
"../../../../../../Documents/GitHub/ACE/Content/PSXFX/DemoContent/Textures/T_Lightpost.uasset" 617
"../../../../../../Documents/GitHub/ACE/Content/PSXFX/DemoContent/Materials/Instances/MI_Lightpost.uasset" 618
"../../../../../../Documents/GitHub/ACE/Content/PSXFX/DemoContent/Meshes/SM_Lightpost.uasset" 619
"../../../../../../Documents/GitHub/ACE/Content/PSXFX/DemoContent/Textures/T_Monument.uasset" 620
"../../../../../../Documents/GitHub/ACE/Content/PSXFX/DemoContent/Materials/Instances/MI_Monument.uasset" 621
"../../../../../../Documents/GitHub/ACE/Content/PSXFX/DemoContent/Meshes/SM_Monument.uasset" 622
"../../../../../../Documents/GitHub/ACE/Content/PSXFX/DemoContent/Meshes/SM_Park_00.uasset" 623
"../../../../../../Documents/GitHub/ACE/Content/PSXFX/DemoContent/Textures/T_Railing.uasset" 624
"../../../../../../Documents/GitHub/ACE/Content/PSXFX/DemoContent/Materials/Instances/MI_Railing.uasset" 625
"../../../../../../Documents/GitHub/ACE/Content/PSXFX/DemoContent/Meshes/SM_Plane.uasset" 626
"../../../../../../Documents/GitHub/ACE/Content/PSXFX/DemoContent/Meshes/SM_Plane_12.uasset" 627
"../../../../../../Documents/GitHub/ACE/Content/PSXFX/DemoContent/Meshes/SM_Plane_5.uasset" 628
"../../../../../../Documents/GitHub/ACE/Content/PSXFX/DemoContent/Meshes/SM_Pole.uasset" 629
"../../../../../../Documents/GitHub/ACE/Content/PSXFX/DemoContent/Meshes/SM_Slope.uasset" 630
"../../../../../../Documents/GitHub/ACE/Content/PSXFX/DemoContent/Meshes/SM_Tree_00.uasset" 631
"../../../../../../Documents/GitHub/ACE/Content/PSXFX/DemoContent/Meshes/SM_Wall_400x400.uasset" 632
"../../../../../../Documents/GitHub/ACE/Content/PSXFX/DemoContent/Meshes/SM_Wall_400x80.uasset" 633
"../../../../../../Documents/GitHub/ACE/Content/PSXFX/DemoContent/Meshes/SM_Water.uasset" 634
"../../../../../../Documents/GitHub/ACE/Content/PSXFX/DemoContent/Particles/PS_Fire_01.uasset" 635
"../../../../../../Documents/GitHub/ACE/Content/PSXFX/Meshes/SM_SkySphere.uasset" 636
"../../../../../../Documents/GitHub/ACE/Content/PSXFX/DemoContent/Maps/PSXFX_Demo.umap" 637
"../../../../../../Documents/GitHub/ACE/Content/StarterContent/Blueprints/Assets/FogBrightnessLUT.uasset" 638
"../../../../../../Documents/GitHub/ACE/Content/StarterContent/Blueprints/Assets/SunlightColorLUT.uasset" 639
"../../../../../../Documents/GitHub/ACE/Content/StarterContent/Blueprints/Assets/M_LightStage_Arrows.uasset" 640
"../../../Engine/Content/MapTemplates/Sky/DaylightAmbientCubemap.uasset" 641
"../../../../../../Documents/GitHub/ACE/Content/StarterContent/Blueprints/Assets/M_LightStage_Skybox_Master.uasset" 642
"../../../../../../Documents/GitHub/ACE/Content/StarterContent/Blueprints/Assets/M_LightStage_Skybox_Black.uasset" 643
"../../../../../../Documents/GitHub/ACE/Content/StarterContent/Blueprints/Assets/M_LightStage_Skybox_HDRI.uasset" 644
"../../../Engine/Content/EditorMaterials/Thumbnails/SkySphereMaterial.uasset" 645
"../../../../../../Documents/GitHub/ACE/Content/StarterContent/Blueprints/Assets/Skybox.uasset" 646
"../../../../../../Documents/GitHub/ACE/Content/StarterContent/Blueprints/Assets/SM_Arrows.uasset" 647
"../../../../../../Documents/GitHub/ACE/Content/StarterContent/HDRI/HDRI_Epic_Courtyard_Daylight.uasset" 648
"../../../../../../Documents/GitHub/ACE/Content/StarterContent/Blueprints/BP_LightStudio.uasset" 649
"../../../../../../Documents/GitHub/ACE/Content/StarterContent/Maps/Advanced_Lighting_BuiltData.uasset" 650
"../../../../../../Documents/GitHub/ACE/Content/StarterContent/Materials/M_AssetPlatform.uasset" 651
"../../../Engine/Content/EditorMeshes/ColorCalibrator/M_ChromeBall.uasset" 652
"../../../Engine/Content/EditorMeshes/ColorCalibrator/M_ClearCoat.uasset" 653
"../../../Engine/Content/EditorMeshes/ColorCalibrator/M_ClearCoatBlack.uasset" 654
"../../../Engine/Content/EditorMeshes/ColorCalibrator/Color_checker.uasset" 655
"../../../Engine/Content/EditorMeshes/ColorCalibrator/M_ColorGrid.uasset" 656
"../../../Engine/Content/EditorMeshes/ColorCalibrator/M_GreyBall.uasset" 657
"../../../Engine/Content/EditorMeshes/ColorCalibrator/SM_ColorCalibrator.uasset" 658
"../../../../../../Documents/GitHub/ACE/Content/StarterContent/Architecture/SM_AssetPlatform.uasset" 659
"../../../../../../Documents/GitHub/ACE/Content/StarterContent/Maps/Advanced_Lighting.umap" 660
"../../../Engine/Content/EngineSky/C_Sky_Cloud_Color.uasset" 661
"../../../Engine/Content/EngineSky/C_Sky_Horizon_Color.uasset" 662
"../../../Engine/Content/EngineSky/C_Sky_Zenith_Color.uasset" 663
"../../../Engine/Content/EngineSky/T_Sky_Blue.uasset" 664
"../../../Engine/Content/EngineSky/T_Sky_Clouds_M.uasset" 665
"../../../Engine/Content/EngineSky/T_Sky_Stars.uasset" 666
"../../../Engine/Content/EngineSky/M_Sky_Panning_Clouds2.uasset" 667
"../../../Engine/Content/EngineSky/SM_SkySphere.uasset" 668
"../../../Engine/Content/EngineSky/BP_Sky_Sphere.uasset" 669
"../../../../../../Documents/GitHub/ACE/Content/StarterContent/Maps/Minimal_Default_BuiltData.uasset" 670
"../../../../../../Documents/GitHub/ACE/Content/StarterContent/Textures/T_MacroVariation.uasset" 671
"../../../../../../Documents/GitHub/ACE/Content/StarterContent/Materials/M_Metal_Brushed_Nickel.uasset" 672
"../../../../../../Documents/GitHub/ACE/Content/StarterContent/Textures/T_Metal_Aluminum_D.uasset" 673
"../../../../../../Documents/GitHub/ACE/Content/StarterContent/Textures/T_Metal_Gold_N.uasset" 674
"../../../../../../Documents/GitHub/ACE/Content/StarterContent/Materials/M_Metal_Burnished_Steel.uasset" 675
"../../../../../../Documents/GitHub/ACE/Content/StarterContent/Textures/T_Metal_Copper_D.uasset" 676
"../../../../../../Documents/GitHub/ACE/Content/StarterContent/Materials/M_Metal_Copper.uasset" 677
"../../../../../../Documents/GitHub/ACE/Content/StarterContent/Textures/T_Statue_M.uasset" 678
"../../../../../../Documents/GitHub/ACE/Content/StarterContent/Textures/T_Statue_N.uasset" 679
"../../../../../../Documents/GitHub/ACE/Content/StarterContent/Props/Materials/M_StatueGlass.uasset" 680
"../../../../../../Documents/GitHub/ACE/Content/StarterContent/Architecture/Floor_400x400.uasset" 681
"../../../../../../Documents/GitHub/ACE/Content/StarterContent/Audio/Starter_Background_Cue.uasset" 682
"../../../../../../Documents/GitHub/ACE/Content/StarterContent/Props/SM_Chair.uasset" 683
"../../../../../../Documents/GitHub/ACE/Content/StarterContent/Props/Materials/M_Statue.uasset" 684
"../../../../../../Documents/GitHub/ACE/Content/StarterContent/Props/SM_Statue.uasset" 685
"../../../../../../Documents/GitHub/ACE/Content/StarterContent/Textures/T_TableRound_M.uasset" 686
"../../../../../../Documents/GitHub/ACE/Content/StarterContent/Textures/T_TableRound_N.uasset" 687
"../../../../../../Documents/GitHub/ACE/Content/StarterContent/Props/Materials/M_TableRound.uasset" 688
"../../../../../../Documents/GitHub/ACE/Content/StarterContent/Props/SM_TableRound.uasset" 689
"../../../../../../Documents/GitHub/ACE/Content/StarterContent/Maps/Minimal_Default.umap" 690
"../../../../../../Documents/GitHub/ACE/Content/StarterContent/Audio/Fire01_Cue.uasset" 691
"../../../../../../Documents/GitHub/ACE/Content/StarterContent/Textures/T_Fire_SubUV.uasset" 692
"../../../../../../Documents/GitHub/ACE/Content/StarterContent/Textures/T_Fire_Tiled_D.uasset" 693
"../../../../../../Documents/GitHub/ACE/Content/StarterContent/Particles/Materials/M_Fire_SubUV.uasset" 694
"../../../../../../Documents/GitHub/ACE/Content/StarterContent/Textures/T_Water_N.uasset" 695
"../../../../../../Documents/GitHub/ACE/Content/StarterContent/Particles/Materials/M_Heat_Distortion.uasset" 696
"../../../../../../Documents/GitHub/ACE/Content/StarterContent/Particles/Materials/M_Radial_Gradient.uasset" 697
"../../../../../../Documents/GitHub/ACE/Content/StarterContent/Particles/P_Fire.uasset" 698
"../../../../../../Documents/GitHub/ACE/Content/StarterContent/Blueprints/Blueprint_Effect_Fire.uasset" 699
"../../../../../../Documents/GitHub/ACE/Content/StarterContent/Audio/Smoke01_Cue.uasset" 700
"../../../../../../Documents/GitHub/ACE/Content/StarterContent/Particles/P_Smoke.uasset" 701
"../../../../../../Documents/GitHub/ACE/Content/StarterContent/Blueprints/Blueprint_Effect_Smoke.uasset" 702
"../../../../../../Documents/GitHub/ACE/Content/StarterContent/Audio/Fire_Sparks01_Cue.uasset" 703
"../../../../../../Documents/GitHub/ACE/Content/StarterContent/Textures/T_Spark_Core.uasset" 704
"../../../../../../Documents/GitHub/ACE/Content/StarterContent/Particles/Materials/M_Spark.uasset" 705
"../../../../../../Documents/GitHub/ACE/Content/StarterContent/Particles/P_Sparks.uasset" 706
"../../../../../../Documents/GitHub/ACE/Content/StarterContent/Blueprints/Blueprint_Effect_Sparks.uasset" 707
"../../../../../../Documents/GitHub/ACE/Content/StarterContent/Audio/Steam01_Cue.uasset" 708
"../../../../../../Documents/GitHub/ACE/Content/StarterContent/Particles/P_Steam_Lit.uasset" 709
"../../../../../../Documents/GitHub/ACE/Content/StarterContent/Blueprints/Blueprint_Effect_Steam.uasset" 710
"../../../../../../Documents/GitHub/ACE/Content/StarterContent/Textures/T_Lamp_M.uasset" 711
"../../../../../../Documents/GitHub/ACE/Content/StarterContent/Textures/T_Lamp_N.uasset" 712
"../../../../../../Documents/GitHub/ACE/Content/StarterContent/Props/Materials/M_Lamp.uasset" 713
"../../../../../../Documents/GitHub/ACE/Content/StarterContent/Props/SM_Lamp_Ceiling.uasset" 714
"../../../../../../Documents/GitHub/ACE/Content/StarterContent/Blueprints/Blueprint_CeilingLight.uasset" 715
"../../../../../../Documents/GitHub/ACE/Content/StarterContent/Props/SM_Lamp_Wall.uasset" 716
"../../../../../../Documents/GitHub/ACE/Content/StarterContent/Blueprints/Blueprint_WallSconce.uasset" 717
"../../../../../../Documents/GitHub/ACE/Content/StarterContent/Maps/StarterMap_BuiltData.uasset" 718
"../../../Engine/Content/Functions/Engine_MaterialFunctions03/Procedurals/ComputeFilterWidth.uasset" 719
"../../../Engine/Content/EngineMaterials/AntiAliasedTextMaterialTranslucent.uasset" 720
"../../../../../../Documents/GitHub/ACE/Content/StarterContent/Textures/T_Brick_Clay_Beveled_D.uasset" 721
"../../../../../../Documents/GitHub/ACE/Content/StarterContent/Textures/T_Brick_Clay_Beveled_M.uasset" 722
"../../../../../../Documents/GitHub/ACE/Content/StarterContent/Textures/T_Brick_Clay_Beveled_N.uasset" 723
"../../../../../../Documents/GitHub/ACE/Content/StarterContent/Materials/M_Brick_Clay_Beveled.uasset" 724
"../../../../../../Documents/GitHub/ACE/Content/StarterContent/Textures/T_Brick_Clay_New_D.uasset" 725
"../../../../../../Documents/GitHub/ACE/Content/StarterContent/Textures/T_Brick_Clay_New_M.uasset" 726
"../../../../../../Documents/GitHub/ACE/Content/StarterContent/Textures/T_Brick_Clay_New_N.uasset" 727
"../../../../../../Documents/GitHub/ACE/Content/StarterContent/Materials/M_Brick_Clay_New.uasset" 728
"../../../../../../Documents/GitHub/ACE/Content/StarterContent/Textures/T_Brick_Clay_Old_D.uasset" 729
"../../../../../../Documents/GitHub/ACE/Content/StarterContent/Textures/T_Brick_Clay_Old_N.uasset" 730
"../../../../../../Documents/GitHub/ACE/Content/StarterContent/Textures/T_Perlin_Noise_M.uasset" 731
"../../../../../../Documents/GitHub/ACE/Content/StarterContent/Materials/M_Brick_Clay_Old.uasset" 732
"../../../../../../Documents/GitHub/ACE/Content/StarterContent/Textures/T_Brick_Cut_Stone_D.uasset" 733
"../../../../../../Documents/GitHub/ACE/Content/StarterContent/Textures/T_Brick_Cut_Stone_N.uasset" 734
"../../../../../../Documents/GitHub/ACE/Content/StarterContent/Materials/M_Brick_Cut_Stone.uasset" 735
"../../../../../../Documents/GitHub/ACE/Content/StarterContent/Textures/T_Brick_Hewn_Stone_D.uasset" 736
"../../../../../../Documents/GitHub/ACE/Content/StarterContent/Textures/T_Brick_Hewn_Stone_M.uasset" 737
"../../../../../../Documents/GitHub/ACE/Content/StarterContent/Textures/T_Brick_Hewn_Stone_N.uasset" 738
"../../../../../../Documents/GitHub/ACE/Content/StarterContent/Materials/M_Brick_Hewn_Stone.uasset" 739
"../../../../../../Documents/GitHub/ACE/Content/StarterContent/Textures/T_Ceramic_Tile_M.uasset" 740
"../../../../../../Documents/GitHub/ACE/Content/StarterContent/Textures/T_Ceramic_Tile_N.uasset" 741
"../../../../../../Documents/GitHub/ACE/Content/StarterContent/Textures/T_Rock_Marble_Polished_D.uasset" 742
"../../../../../../Documents/GitHub/ACE/Content/StarterContent/Materials/M_Ceramic_Tile_Checker.uasset" 743
"../../../../../../Documents/GitHub/ACE/Content/StarterContent/Textures/T_CobbleStone_Pebble_D.uasset" 744
"../../../../../../Documents/GitHub/ACE/Content/StarterContent/Textures/T_CobbleStone_Pebble_M.uasset" 745
"../../../../../../Documents/GitHub/ACE/Content/StarterContent/Textures/T_CobbleStone_Pebble_N.uasset" 746
"../../../../../../Documents/GitHub/ACE/Content/StarterContent/Materials/M_CobbleStone_Pebble.uasset" 747
"../../../../../../Documents/GitHub/ACE/Content/StarterContent/Textures/T_CobbleStone_Rough_D.uasset" 748
"../../../../../../Documents/GitHub/ACE/Content/StarterContent/Textures/T_CobbleStone_Rough_N.uasset" 749
"../../../../../../Documents/GitHub/ACE/Content/StarterContent/Textures/T_Gradinet_01.uasset" 750
"../../../../../../Documents/GitHub/ACE/Content/StarterContent/Textures/T_Rock_Smooth_Granite_D.uasset" 751
"../../../../../../Documents/GitHub/ACE/Content/StarterContent/Materials/M_CobbleStone_Rough.uasset" 752
"../../../../../../Documents/GitHub/ACE/Content/StarterContent/Textures/T_CobbleStone_Smooth_D.uasset" 753
"../../../../../../Documents/GitHub/ACE/Content/StarterContent/Textures/T_CobbleStone_Smooth_M.uasset" 754
"../../../../../../Documents/GitHub/ACE/Content/StarterContent/Textures/T_CobbleStone_Smooth_N.uasset" 755
"../../../../../../Documents/GitHub/ACE/Content/StarterContent/Materials/M_CobbleStone_Smooth.uasset" 756
"../../../../../../Documents/GitHub/ACE/Content/StarterContent/Textures/T_Concrete_Grime_D.uasset" 757
"../../../../../../Documents/GitHub/ACE/Content/StarterContent/Textures/T_Metal_Rust_N.uasset" 758
"../../../../../../Documents/GitHub/ACE/Content/StarterContent/Materials/M_Concrete_Grime.uasset" 759
"../../../../../../Documents/GitHub/ACE/Content/StarterContent/Textures/T_Concrete_Panels_D.uasset" 760
"../../../../../../Documents/GitHub/ACE/Content/StarterContent/Textures/T_Concrete_Panels_N.uasset" 761
"../../../../../../Documents/GitHub/ACE/Content/StarterContent/Materials/M_Concrete_Panels.uasset" 762
"../../../../../../Documents/GitHub/ACE/Content/StarterContent/Textures/T_Concrete_Poured_D.uasset" 763
"../../../../../../Documents/GitHub/ACE/Content/StarterContent/Textures/T_Concrete_Poured_N.uasset" 764
"../../../../../../Documents/GitHub/ACE/Content/StarterContent/Materials/M_Concrete_Poured.uasset" 765
"../../../../../../Documents/GitHub/ACE/Content/StarterContent/Textures/T_Concrete_Tiles_D.uasset" 766
"../../../../../../Documents/GitHub/ACE/Content/StarterContent/Textures/T_Concrete_Tiles_M.uasset" 767
"../../../../../../Documents/GitHub/ACE/Content/StarterContent/Textures/T_Concrete_Tiles_N.uasset" 768
"../../../../../../Documents/GitHub/ACE/Content/StarterContent/Textures/T_Concrete_Tiles_Variation_M.uasset" 769
"../../../../../../Documents/GitHub/ACE/Content/StarterContent/Materials/M_Concrete_Tiles.uasset" 770
"../../../../../../Documents/GitHub/ACE/Content/StarterContent/Textures/T_Ground_Grass_D.uasset" 771
"../../../../../../Documents/GitHub/ACE/Content/StarterContent/Textures/T_Ground_Grass_N.uasset" 772
"../../../../../../Documents/GitHub/ACE/Content/StarterContent/Materials/M_Ground_Grass.uasset" 773
"../../../../../../Documents/GitHub/ACE/Content/StarterContent/Textures/T_Ground_Gravel_D.uasset" 774
"../../../../../../Documents/GitHub/ACE/Content/StarterContent/Textures/T_Ground_Gravel_N.uasset" 775
"../../../../../../Documents/GitHub/ACE/Content/StarterContent/Materials/M_Ground_Gravel.uasset" 776
"../../../../../../Documents/GitHub/ACE/Content/StarterContent/Textures/T_ground_Moss_D.uasset" 777
"../../../../../../Documents/GitHub/ACE/Content/StarterContent/Textures/T_Ground_Moss_N.uasset" 778
"../../../../../../Documents/GitHub/ACE/Content/StarterContent/Materials/M_Ground_Moss.uasset" 779
"../../../../../../Documents/GitHub/ACE/Content/StarterContent/Materials/M_Metal_Chrome.uasset" 780
"../../../../../../Documents/GitHub/ACE/Content/StarterContent/Textures/T_Metal_Gold_D.uasset" 781
"../../../../../../Documents/GitHub/ACE/Content/StarterContent/Materials/M_Metal_Gold.uasset" 782
"../../../../../../Documents/GitHub/ACE/Content/StarterContent/Textures/T_Metal_Rust_D.uasset" 783
"../../../../../../Documents/GitHub/ACE/Content/StarterContent/Materials/M_Metal_Rust.uasset" 784
"../../../../../../Documents/GitHub/ACE/Content/StarterContent/Textures/T_Metal_Steel_D.uasset" 785
"../../../../../../Documents/GitHub/ACE/Content/StarterContent/Textures/T_Metal_Steel_N.uasset" 786
"../../../../../../Documents/GitHub/ACE/Content/StarterContent/Materials/M_Metal_Steel.uasset" 787
"../../../../../../Documents/GitHub/ACE/Content/StarterContent/Textures/T_Rock_Basalt_N.uasset" 788
"../../../../../../Documents/GitHub/ACE/Content/StarterContent/Materials/M_Rock_Basalt.uasset" 789
"../../../../../../Documents/GitHub/ACE/Content/StarterContent/Materials/M_Rock_Marble_Polished.uasset" 790
"../../../../../../Documents/GitHub/ACE/Content/StarterContent/Textures/T_Rock_Sandstone_D.uasset" 791
"../../../../../../Documents/GitHub/ACE/Content/StarterContent/Textures/T_Rock_Sandstone_N.uasset" 792
"../../../../../../Documents/GitHub/ACE/Content/StarterContent/Materials/M_Rock_Sandstone.uasset" 793
"../../../../../../Documents/GitHub/ACE/Content/StarterContent/Textures/T_Rock_Slate_D.uasset" 794
"../../../../../../Documents/GitHub/ACE/Content/StarterContent/Textures/T_Rock_Slate_N.uasset" 795
"../../../../../../Documents/GitHub/ACE/Content/StarterContent/Materials/M_Rock_Slate.uasset" 796
"../../../../../../Documents/GitHub/ACE/Content/StarterContent/Textures/T_Checker_Noise_M.uasset" 797
"../../../../../../Documents/GitHub/ACE/Content/StarterContent/Textures/T_Single_Tile_N.uasset" 798
"../../../../../../Documents/GitHub/ACE/Content/StarterContent/Textures/T_Tech_Dot_M.uasset" 799
"../../../../../../Documents/GitHub/ACE/Content/StarterContent/Textures/T_Tech_Dot_N.uasset" 800
"../../../../../../Documents/GitHub/ACE/Content/StarterContent/Materials/M_Tech_Checker_Dot.uasset" 801
"../../../../../../Documents/GitHub/ACE/Content/StarterContent/Textures/T_Tech_Hex_Tile_M.uasset" 802
"../../../../../../Documents/GitHub/ACE/Content/StarterContent/Textures/T_Tech_Hex_Tile_N.uasset" 803
"../../../../../../Documents/GitHub/ACE/Content/StarterContent/Materials/M_Tech_Hex_Tile.uasset" 804
"../../../../../../Documents/GitHub/ACE/Content/StarterContent/Materials/M_Tech_Hex_Tile_Pulse.uasset" 805
"../../../../../../Documents/GitHub/ACE/Content/StarterContent/Textures/T_Tech_Panel_M.uasset" 806
"../../../../../../Documents/GitHub/ACE/Content/StarterContent/Textures/T_Tech_Panel_N.uasset" 807
"../../../../../../Documents/GitHub/ACE/Content/StarterContent/Materials/M_Tech_Panel.uasset" 808
"../../../../../../Documents/GitHub/ACE/Content/StarterContent/Materials/M_Water_Lake.uasset" 809
"../../../../../../Documents/GitHub/ACE/Content/StarterContent/Textures/T_Water_M.uasset" 810
"../../../../../../Documents/GitHub/ACE/Content/StarterContent/Materials/M_Water_Ocean.uasset" 811
"../../../../../../Documents/GitHub/ACE/Content/StarterContent/Textures/T_Wood_Floor_Walnut_D.uasset" 812
"../../../../../../Documents/GitHub/ACE/Content/StarterContent/Textures/T_Wood_Floor_Walnut_M.uasset" 813
"../../../../../../Documents/GitHub/ACE/Content/StarterContent/Textures/T_Wood_Floor_Walnut_N.uasset" 814
"../../../../../../Documents/GitHub/ACE/Content/StarterContent/Materials/M_Wood_Floor_Walnut_Polished.uasset" 815
"../../../../../../Documents/GitHub/ACE/Content/StarterContent/Materials/M_Wood_Floor_Walnut_Worn.uasset" 816
"../../../../../../Documents/GitHub/ACE/Content/StarterContent/Textures/T_Wood_Oak_D.uasset" 817
"../../../../../../Documents/GitHub/ACE/Content/StarterContent/Textures/T_Wood_Oak_N.uasset" 818
"../../../../../../Documents/GitHub/ACE/Content/StarterContent/Materials/M_Wood_Oak.uasset" 819
"../../../../../../Documents/GitHub/ACE/Content/StarterContent/Textures/T_Wood_Pine_D.uasset" 820
"../../../../../../Documents/GitHub/ACE/Content/StarterContent/Textures/T_Wood_Pine_N.uasset" 821
"../../../../../../Documents/GitHub/ACE/Content/StarterContent/Materials/M_Wood_Pine.uasset" 822
"../../../../../../Documents/GitHub/ACE/Content/StarterContent/Textures/T_Wood_Walnut_D.uasset" 823
"../../../../../../Documents/GitHub/ACE/Content/StarterContent/Textures/T_Wood_Walnut_N.uasset" 824
"../../../../../../Documents/GitHub/ACE/Content/StarterContent/Materials/M_Wood_Walnut.uasset" 825
"../../../../../../Documents/GitHub/ACE/Content/StarterContent/Architecture/Wall_400x200.uasset" 826
"../../../../../../Documents/GitHub/ACE/Content/StarterContent/Architecture/Wall_Door_400x300.uasset" 827
"../../../../../../Documents/GitHub/ACE/Content/StarterContent/Architecture/Wall_Window_400x300.uasset" 828
"../../../../../../Documents/GitHub/ACE/Content/StarterContent/Audio/Collapse_Cue.uasset" 829
"../../../../../../Documents/GitHub/ACE/Content/StarterContent/Audio/Starter_Music_Cue.uasset" 830
"../../../../../../Documents/GitHub/ACE/Content/StarterContent/Textures/T_Dust_Particle_D.uasset" 831
"../../../../../../Documents/GitHub/ACE/Content/StarterContent/Particles/Materials/M_Dust_Particle.uasset" 832
"../../../../../../Documents/GitHub/ACE/Content/StarterContent/Particles/P_Ambient_Dust.uasset" 833
"../../../../../../Documents/GitHub/ACE/Content/StarterContent/Props/MaterialSphere.uasset" 834
"../../../../../../Documents/GitHub/ACE/Content/StarterContent/Textures/T_Frame_M.uasset" 835
"../../../../../../Documents/GitHub/ACE/Content/StarterContent/Textures/T_Frame_N.uasset" 836
"../../../../../../Documents/GitHub/ACE/Content/StarterContent/Props/Materials/M_Frame.uasset" 837
"../../../../../../Documents/GitHub/ACE/Content/StarterContent/Props/SM_CornerFrame.uasset" 838
"../../../../../../Documents/GitHub/ACE/Content/StarterContent/Props/SM_DoorFrame.uasset" 839
"../../../../../../Documents/GitHub/ACE/Content/StarterContent/Props/SM_GlassWindow.uasset" 840
"../../../../../../Documents/GitHub/ACE/Content/StarterContent/Props/SM_PillarFrame.uasset" 841
"../../../../../../Documents/GitHub/ACE/Content/StarterContent/Props/SM_PillarFrame300.uasset" 842
"../../../../../../Documents/GitHub/ACE/Content/StarterContent/Props/SM_WindowFrame.uasset" 843
"../../../../../../Documents/GitHub/ACE/Content/StarterContent/Shapes/Shape_Cube.uasset" 844
"../../../../../../Documents/GitHub/ACE/Content/StarterContent/Shapes/Shape_QuadPyramid.uasset" 845
"../../../../../../Documents/GitHub/ACE/Content/StarterContent/Shapes/Shape_Sphere.uasset" 846
"../../../../../../Documents/GitHub/ACE/Content/StarterContent/Maps/StarterMap.umap" 847
"../../../../../../Documents/GitHub/ACE/Content/Characters/Nyx/Animations/NyxNewIdleAnim_Anim.uasset" 848
"../../../../../../Documents/GitHub/ACE/Content/Characters/Nyx/Animations/NyxRunAnim_Anim.uasset" 849
"../../../../../../Documents/GitHub/ACE/Content/Characters/Nyx/Animations/Nyx_IdleRun.uasset" 850
"../../../../../../Documents/GitHub/ACE/Content/Blueprints/Nyx_AnimBP.uasset" 851
"../../../Engine/Content/BasicShapes/BasicShapeMaterial.uasset" 852
"../../../../../../Documents/GitHub/ACE/Content/Blueprints/BP_SlidingDoor.uasset" 853
"../../../../../../Documents/GitHub/ACE/Content/Blueprints/BPi_InterfaceGlobal.uasset" 854
"../../../../../../Documents/GitHub/ACE/Content/Characters/Nyx/Random/NyxNewIdleAnim_PhysicsAsset.uasset" 855
"../../../../../../Documents/GitHub/ACE/Content/Characters/Nyx/Random/NyxNewIdleAnim.uasset" 856
"../../../../../../Documents/GitHub/ACE/Content/Props/Cigarette/NyxTexture.uasset" 857
"../../../../../../Documents/GitHub/ACE/Content/Props/Cigarette/DogMtl.uasset" 858
"../../../../../../Documents/GitHub/ACE/Content/Props/Cigarette/cigarette.uasset" 859
"../../../../../../Documents/GitHub/ACE/Content/Blueprints/BP_Nyx.uasset" 860
"../../../../../../Documents/GitHub/ACE/Content/Audio/Music/My_Song_19__1_.uasset" 861
"../../../../../../Documents/GitHub/ACE/Content/Audio/SoundFX/Ps1_startup_sound.uasset" 862
"../../../../../../Documents/GitHub/ACE/Content/Blueprints/UI/UI_Assets/CopNCat.uasset" 863
"../../../../../../Documents/GitHub/ACE/Content/Blueprints/UI/UI_Assets/GameJamGame.uasset" 864
"../../../../../../Documents/GitHub/ACE/Content/Blueprints/UI/UI_Assets/LimeWolfRedux.uasset" 865
"../../../../../../Documents/GitHub/ACE/Content/Blueprints/UI/UI_Assets/PlayButton.uasset" 866
"../../../../../../Documents/GitHub/ACE/Content/Blueprints/UI/UI_Assets/QuitButton.uasset" 867
"../../../../../../Documents/GitHub/ACE/Content/Blueprints/UI/StartUpSplash.uasset" 868
"../../../../../../Documents/GitHub/ACE/Content/ThirdPersonBP/Maps/StartUp.umap" 869
"../../../../../../Documents/GitHub/ACE/Content/Blueprints/OurGameInstance.uasset" 870
"../../../../../../Documents/GitHub/ACE/Content/Props/Coin/CoinTexture.uasset" 871
"../../../../../../Documents/GitHub/ACE/Content/Props/Coin/MI_Coin.uasset" 872
"../../../../../../Documents/GitHub/ACE/Content/Props/Coin/Coin.uasset" 873
"../../../../../../Documents/GitHub/ACE/Content/Blueprints/BP_Coin.uasset" 874
"../../../../../../Documents/GitHub/ACE/Content/Blueprints/BP_PounceWall.uasset" 875
"../../../../../../Documents/GitHub/ACE/Content/Blueprints/BP_PressureDoor.uasset" 876
"../../../../../../Documents/GitHub/ACE/Content/Blueprints/UI/Win.uasset" 877
"../../../../../../Documents/GitHub/ACE/Content/Props/Sword/maya_sword_done_pCone2.uasset" 878
"../../../../../../Documents/GitHub/ACE/Content/Props/Sword/maya_sword_done_pCube2.uasset" 879
"../../../../../../Documents/GitHub/ACE/Content/Props/Sword/maya_sword_done_pCylinder1.uasset" 880
"../../../../../../Documents/GitHub/ACE/Content/Props/Sword/maya_sword_done_pPlatonic1.uasset" 881
"../../../../../../Documents/GitHub/ACE/Content/Blueprints/BP_Sword.uasset" 882
"../../../../../../Documents/GitHub/ACE/Content/ThirdPersonBP/Blueprints/ThirdPersonGameMode.uasset" 883
"../../../../../../Documents/GitHub/ACE/Content/ThirdPersonBP/Maps/ThirdPersonExampleMap_BuiltData.uasset" 884
"../../../../../../Documents/GitHub/ACE/Content/Audio/Music/SG_CopNCat_MainThemeLoop_v8.uasset" 885
"../../../../../../Documents/GitHub/ACE/Content/Blueprints/UI/UI_Assets/CatCoin.uasset" 886
"../../../../../../Documents/GitHub/ACE/Content/Blueprints/UI/CoinsWidget.uasset" 887
"../../../../../../Documents/GitHub/ACE/Content/Geometry/Meshes/1M_Cube_Chamfer.uasset" 888
"../../../../../../Documents/GitHub/ACE/Content/Geometry/Meshes/TemplateFloor.uasset" 889
"../../../../../../Documents/GitHub/ACE/Content/Props/Boxes/maya_boxpile_1_pCube1.uasset" 890
"../../../../../../Documents/GitHub/ACE/Content/ThirdPerson/Meshes/RampMaterial.uasset" 891
"../../../../../../Documents/GitHub/ACE/Content/ThirdPerson/Meshes/Bump_StaticMesh.uasset" 892
"../../../../../../Documents/GitHub/ACE/Content/ThirdPerson/Meshes/LeftArm_StaticMesh.uasset" 893
"../../../../../../Documents/GitHub/ACE/Content/ThirdPerson/Meshes/Linear_Stair_StaticMesh.uasset" 894
"../../../../../../Documents/GitHub/ACE/Content/ThirdPerson/Meshes/Ramp_StaticMesh.uasset" 895
"../../../../../../Documents/GitHub/ACE/Content/ThirdPerson/Meshes/RightArm_StaticMesh.uasset" 896
"../../../../../../Documents/GitHub/ACE/Content/ThirdPersonBP/Maps/ThirdPersonExampleMap.umap" 897
"../../../Engine/Content/Maps/Entry_BuiltData.uasset" 898
"../../../Engine/Content/Maps/Entry.umap" 899
